running egg_info
creating ../../../../../../build/examples_rclpy_pointcloud_publisher/examples_rclpy_pointcloud_publisher.egg-info
writing ../../../../../../build/examples_rclpy_pointcloud_publisher/examples_rclpy_pointcloud_publisher.egg-info/PKG-INFO
writing dependency_links to ../../../../../../build/examples_rclpy_pointcloud_publisher/examples_rclpy_pointcloud_publisher.egg-info/dependency_links.txt
writing entry points to ../../../../../../build/examples_rclpy_pointcloud_publisher/examples_rclpy_pointcloud_publisher.egg-info/entry_points.txt
writing requirements to ../../../../../../build/examples_rclpy_pointcloud_publisher/examples_rclpy_pointcloud_publisher.egg-info/requires.txt
writing top-level names to ../../../../../../build/examples_rclpy_pointcloud_publisher/examples_rclpy_pointcloud_publisher.egg-info/top_level.txt
writing manifest file '../../../../../../build/examples_rclpy_pointcloud_publisher/examples_rclpy_pointcloud_publisher.egg-info/SOURCES.txt'
reading manifest file '../../../../../../build/examples_rclpy_pointcloud_publisher/examples_rclpy_pointcloud_publisher.egg-info/SOURCES.txt'
writing manifest file '../../../../../../build/examples_rclpy_pointcloud_publisher/examples_rclpy_pointcloud_publisher.egg-info/SOURCES.txt'
running build
running build_py
creating /home/akhil-rover/rover/example_ws/build/examples_rclpy_pointcloud_publisher/build
creating /home/akhil-rover/rover/example_ws/build/examples_rclpy_pointcloud_publisher/build/lib
creating /home/akhil-rover/rover/example_ws/build/examples_rclpy_pointcloud_publisher/build/lib/examples_rclpy_pointcloud_publisher
copying examples_rclpy_pointcloud_publisher/__init__.py -> /home/akhil-rover/rover/example_ws/build/examples_rclpy_pointcloud_publisher/build/lib/examples_rclpy_pointcloud_publisher
copying examples_rclpy_pointcloud_publisher/pointcloud_publisher.py -> /home/akhil-rover/rover/example_ws/build/examples_rclpy_pointcloud_publisher/build/lib/examples_rclpy_pointcloud_publisher
running install
running install_lib
creating /home/akhil-rover/rover/example_ws/install/examples_rclpy_pointcloud_publisher/lib/python3.10/site-packages/examples_rclpy_pointcloud_publisher
copying /home/akhil-rover/rover/example_ws/build/examples_rclpy_pointcloud_publisher/build/lib/examples_rclpy_pointcloud_publisher/__init__.py -> /home/akhil-rover/rover/example_ws/install/examples_rclpy_pointcloud_publisher/lib/python3.10/site-packages/examples_rclpy_pointcloud_publisher
copying /home/akhil-rover/rover/example_ws/build/examples_rclpy_pointcloud_publisher/build/lib/examples_rclpy_pointcloud_publisher/pointcloud_publisher.py -> /home/akhil-rover/rover/example_ws/install/examples_rclpy_pointcloud_publisher/lib/python3.10/site-packages/examples_rclpy_pointcloud_publisher
byte-compiling /home/akhil-rover/rover/example_ws/install/examples_rclpy_pointcloud_publisher/lib/python3.10/site-packages/examples_rclpy_pointcloud_publisher/__init__.py to __init__.cpython-310.pyc
byte-compiling /home/akhil-rover/rover/example_ws/install/examples_rclpy_pointcloud_publisher/lib/python3.10/site-packages/examples_rclpy_pointcloud_publisher/pointcloud_publisher.py to pointcloud_publisher.cpython-310.pyc
running install_data
creating /home/akhil-rover/rover/example_ws/install/examples_rclpy_pointcloud_publisher/share/ament_index
creating /home/akhil-rover/rover/example_ws/install/examples_rclpy_pointcloud_publisher/share/ament_index/resource_index
creating /home/akhil-rover/rover/example_ws/install/examples_rclpy_pointcloud_publisher/share/ament_index/resource_index/packages
copying resource/examples_rclpy_pointcloud_publisher -> /home/akhil-rover/rover/example_ws/install/examples_rclpy_pointcloud_publisher/share/ament_index/resource_index/packages
copying package.xml -> /home/akhil-rover/rover/example_ws/install/examples_rclpy_pointcloud_publisher/share/examples_rclpy_pointcloud_publisher
running install_egg_info
Copying ../../../../../../build/examples_rclpy_pointcloud_publisher/examples_rclpy_pointcloud_publisher.egg-info to /home/akhil-rover/rover/example_ws/install/examples_rclpy_pointcloud_publisher/lib/python3.10/site-packages/examples_rclpy_pointcloud_publisher-0.15.1-py3.10.egg-info
running install_scripts
Installing pointcloud_publisher script to /home/akhil-rover/rover/example_ws/install/examples_rclpy_pointcloud_publisher/lib/examples_rclpy_pointcloud_publisher
writing list of installed files to '/home/akhil-rover/rover/example_ws/build/examples_rclpy_pointcloud_publisher/install.log'
