running develop
/usr/lib/python3/dist-packages/setuptools/command/easy_install.py:158: EasyInstallDeprecationWarning: easy_install command is deprecated. Use build and pip and other standards-based tools.
  warnings.warn(
/usr/lib/python3/dist-packages/setuptools/command/install.py:34: SetuptoolsDeprecationWarning: setup.py install is deprecated. Use build and pip and other standards-based tools.
  warnings.warn(
running egg_info
writing examples_rclpy_minimal_publisher.egg-info/PKG-INFO
writing dependency_links to examples_rclpy_minimal_publisher.egg-info/dependency_links.txt
writing entry points to examples_rclpy_minimal_publisher.egg-info/entry_points.txt
writing requirements to examples_rclpy_minimal_publisher.egg-info/requires.txt
writing top-level names to examples_rclpy_minimal_publisher.egg-info/top_level.txt
reading manifest file 'examples_rclpy_minimal_publisher.egg-info/SOURCES.txt'
writing manifest file 'examples_rclpy_minimal_publisher.egg-info/SOURCES.txt'
running build_ext
Creating /home/akhil-rover/rover/example_ws/install/examples_rclpy_minimal_publisher/lib/python3.10/site-packages/examples-rclpy-minimal-publisher.egg-link (link to .)
Installing publisher_local_function script to /home/akhil-rover/rover/example_ws/install/examples_rclpy_minimal_publisher/lib/examples_rclpy_minimal_publisher
Installing publisher_member_function script to /home/akhil-rover/rover/example_ws/install/examples_rclpy_minimal_publisher/lib/examples_rclpy_minimal_publisher
Installing publisher_old_school script to /home/akhil-rover/rover/example_ws/install/examples_rclpy_minimal_publisher/lib/examples_rclpy_minimal_publisher

Installed /home/akhil-rover/rover/example_ws/build/examples_rclpy_minimal_publisher
running install_data
