[0.122s] Invoking command in '/home/akhil-rover/rover/example_ws/build/examples_rclcpp_async_client': CMAKE_PREFIX_PATH=/opt/ros/humble /usr/bin/cmake /home/akhil-rover/rover/example_ws/src/src/examples/rclcpp/services/async_client -DCMAKE_INSTALL_PREFIX=/home/akhil-rover/rover/example_ws/install/examples_rclcpp_async_client
[0.248s] -- The C compiler identification is GNU 11.4.0
[0.349s] -- The CXX compiler identification is GNU 11.4.0
[0.359s] -- Detecting C compiler ABI info
[0.434s] -- Detecting C compiler ABI info - done
[0.443s] -- Check for working C compiler: /usr/bin/cc - skipped
[0.443s] -- Detecting C compile features
[0.444s] -- Detecting C compile features - done
[0.448s] -- Detecting CXX compiler ABI info
[0.542s] -- Detecting CXX compiler ABI info - done
[0.553s] -- Check for working CXX compiler: /usr/bin/c++ - skipped
[0.553s] -- Detecting CXX compile features
[0.554s] -- Detecting CXX compile features - done
[0.556s] -- Found ament_cmake: 1.3.7 (/opt/ros/humble/share/ament_cmake/cmake)
[0.750s] -- Found Python3: /usr/bin/python3.10 (found version "3.10.12") found components: Interpreter 
[0.854s] -- Found example_interfaces: 0.9.3 (/opt/ros/humble/share/example_interfaces/cmake)
[0.896s] -- Found rosidl_generator_c: 3.1.5 (/opt/ros/humble/share/rosidl_generator_c/cmake)
[0.903s] -- Found rosidl_adapter: 3.1.5 (/opt/ros/humble/share/rosidl_adapter/cmake)
[0.913s] -- Found rosidl_generator_cpp: 3.1.5 (/opt/ros/humble/share/rosidl_generator_cpp/cmake)
[0.930s] -- Using all available rosidl_typesupport_c: rosidl_typesupport_fastrtps_c;rosidl_typesupport_introspection_c
[0.955s] -- Using all available rosidl_typesupport_cpp: rosidl_typesupport_fastrtps_cpp;rosidl_typesupport_introspection_cpp
[1.154s] -- Found rclcpp: 16.0.8 (/opt/ros/humble/share/rclcpp/cmake)
[1.219s] -- Found rmw_implementation_cmake: 6.1.1 (/opt/ros/humble/share/rmw_implementation_cmake/cmake)
[1.222s] -- Found rmw_fastrtps_cpp: 6.2.6 (/opt/ros/humble/share/rmw_fastrtps_cpp/cmake)
[1.319s] -- Found OpenSSL: /usr/lib/x86_64-linux-gnu/libcrypto.so (found version "3.0.2")  
[1.347s] -- Found FastRTPS: /opt/ros/humble/include  
[1.396s] -- Using RMW implementation 'rmw_fastrtps_cpp' as default
[1.404s] -- Looking for pthread.h
[1.477s] -- Looking for pthread.h - found
[1.478s] -- Performing Test CMAKE_HAVE_LIBC_PTHREAD
[1.554s] -- Performing Test CMAKE_HAVE_LIBC_PTHREAD - Success
[1.556s] -- Found Threads: TRUE  
[1.740s] -- Found ament_lint_auto: 0.12.10 (/opt/ros/humble/share/ament_lint_auto/cmake)
[1.824s] -- Added test 'copyright' to check source files copyright and LICENSE
[1.825s] -- Added test 'cppcheck' to perform static code analysis on C / C++ code
[1.825s] -- Configured cppcheck include dirs: 
[1.825s] -- Configured cppcheck exclude dirs and/or files: 
[1.826s] -- Added test 'cpplint' to check C / C++ code against the Google style
[1.828s] -- Configured cpplint exclude dirs and/or files: 
[1.831s] -- Added test 'lint_cmake' to check CMake code style
[1.832s] -- Added test 'uncrustify' to check C / C++ code style
[1.832s] -- Configured uncrustify additional arguments: 
[1.832s] -- Added test 'xmllint' to check XML markup files
[1.835s] -- Configuring done
[1.846s] -- Generating done
[1.849s] -- Build files have been written to: /home/akhil-rover/rover/example_ws/build/examples_rclcpp_async_client
[1.872s] Invoked command in '/home/akhil-rover/rover/example_ws/build/examples_rclcpp_async_client' returned '0': CMAKE_PREFIX_PATH=/opt/ros/humble /usr/bin/cmake /home/akhil-rover/rover/example_ws/src/src/examples/rclcpp/services/async_client -DCMAKE_INSTALL_PREFIX=/home/akhil-rover/rover/example_ws/install/examples_rclcpp_async_client
[1.873s] Invoking command in '/home/akhil-rover/rover/example_ws/build/examples_rclcpp_async_client': CMAKE_PREFIX_PATH=/opt/ros/humble /usr/bin/cmake --build /home/akhil-rover/rover/example_ws/build/examples_rclcpp_async_client -- -j4 -l4
[2.005s] [ 50%] [32mBuilding CXX object CMakeFiles/client_main.dir/main.cpp.o[0m
[13.912s] [100%] [32m[1mLinking CXX executable client_main[0m
[14.716s] [100%] Built target client_main
[14.779s] Invoked command in '/home/akhil-rover/rover/example_ws/build/examples_rclcpp_async_client' returned '0': CMAKE_PREFIX_PATH=/opt/ros/humble /usr/bin/cmake --build /home/akhil-rover/rover/example_ws/build/examples_rclcpp_async_client -- -j4 -l4
[15.202s] Invoking command in '/home/akhil-rover/rover/example_ws/build/examples_rclcpp_async_client': CMAKE_PREFIX_PATH=/opt/ros/humble /usr/bin/cmake --install /home/akhil-rover/rover/example_ws/build/examples_rclcpp_async_client
[15.236s] -- Install configuration: ""
[15.240s] -- Installing: /home/akhil-rover/rover/example_ws/install/examples_rclcpp_async_client/lib/examples_rclcpp_async_client/client_main
[15.245s] -- Set runtime path of "/home/akhil-rover/rover/example_ws/install/examples_rclcpp_async_client/lib/examples_rclcpp_async_client/client_main" to ""
[15.253s] -- Installing: /home/akhil-rover/rover/example_ws/install/examples_rclcpp_async_client/share/ament_index/resource_index/package_run_dependencies/examples_rclcpp_async_client
[15.253s] -- Installing: /home/akhil-rover/rover/example_ws/install/examples_rclcpp_async_client/share/ament_index/resource_index/parent_prefix_path/examples_rclcpp_async_client
[15.253s] -- Installing: /home/akhil-rover/rover/example_ws/install/examples_rclcpp_async_client/share/examples_rclcpp_async_client/environment/ament_prefix_path.sh
[15.254s] -- Installing: /home/akhil-rover/rover/example_ws/install/examples_rclcpp_async_client/share/examples_rclcpp_async_client/environment/ament_prefix_path.dsv
[15.254s] -- Installing: /home/akhil-rover/rover/example_ws/install/examples_rclcpp_async_client/share/examples_rclcpp_async_client/environment/path.sh
[15.254s] -- Installing: /home/akhil-rover/rover/example_ws/install/examples_rclcpp_async_client/share/examples_rclcpp_async_client/environment/path.dsv
[15.255s] -- Installing: /home/akhil-rover/rover/example_ws/install/examples_rclcpp_async_client/share/examples_rclcpp_async_client/local_setup.bash
[15.255s] -- Installing: /home/akhil-rover/rover/example_ws/install/examples_rclcpp_async_client/share/examples_rclcpp_async_client/local_setup.sh
[15.255s] -- Installing: /home/akhil-rover/rover/example_ws/install/examples_rclcpp_async_client/share/examples_rclcpp_async_client/local_setup.zsh
[15.255s] -- Installing: /home/akhil-rover/rover/example_ws/install/examples_rclcpp_async_client/share/examples_rclcpp_async_client/local_setup.dsv
[15.256s] -- Installing: /home/akhil-rover/rover/example_ws/install/examples_rclcpp_async_client/share/examples_rclcpp_async_client/package.dsv
[15.256s] -- Installing: /home/akhil-rover/rover/example_ws/install/examples_rclcpp_async_client/share/ament_index/resource_index/packages/examples_rclcpp_async_client
[15.259s] -- Installing: /home/akhil-rover/rover/example_ws/install/examples_rclcpp_async_client/share/examples_rclcpp_async_client/cmake/examples_rclcpp_async_clientConfig.cmake
[15.260s] -- Installing: /home/akhil-rover/rover/example_ws/install/examples_rclcpp_async_client/share/examples_rclcpp_async_client/cmake/examples_rclcpp_async_clientConfig-version.cmake
[15.261s] -- Installing: /home/akhil-rover/rover/example_ws/install/examples_rclcpp_async_client/share/examples_rclcpp_async_client/package.xml
[15.264s] Invoked command in '/home/akhil-rover/rover/example_ws/build/examples_rclcpp_async_client' returned '0': CMAKE_PREFIX_PATH=/opt/ros/humble /usr/bin/cmake --install /home/akhil-rover/rover/example_ws/build/examples_rclcpp_async_client
