[0.097s] Invoking command in '/home/akhil-rover/rover/example_ws/build/examples_rclcpp_cbg_executor': CMAKE_PREFIX_PATH=/opt/ros/humble /usr/bin/cmake /home/akhil-rover/rover/example_ws/src/src/examples/rclcpp/executors/cbg_executor -DAMENT_CMAKE_SYMLINK_INSTALL=1 -DCMAKE_INSTALL_PREFIX=/home/akhil-rover/rover/example_ws/install/examples_rclcpp_cbg_executor
[0.107s] -- Found ament_cmake: 1.3.7 (/opt/ros/humble/share/ament_cmake/cmake)
[0.262s] -- Override CMake install command with custom implementation using symlinks instead of copying resources
[0.271s] -- Found rclcpp: 16.0.8 (/opt/ros/humble/share/rclcpp/cmake)
[0.302s] -- Found rosidl_generator_c: 3.1.5 (/opt/ros/humble/share/rosidl_generator_c/cmake)
[0.305s] -- Found rosidl_adapter: 3.1.5 (/opt/ros/humble/share/rosidl_adapter/cmake)
[0.312s] -- Found rosidl_generator_cpp: 3.1.5 (/opt/ros/humble/share/rosidl_generator_cpp/cmake)
[0.326s] -- Using all available rosidl_typesupport_c: rosidl_typesupport_fastrtps_c;rosidl_typesupport_introspection_c
[0.345s] -- Using all available rosidl_typesupport_cpp: rosidl_typesupport_fastrtps_cpp;rosidl_typesupport_introspection_cpp
[0.418s] -- Found rmw_implementation_cmake: 6.1.1 (/opt/ros/humble/share/rmw_implementation_cmake/cmake)
[0.419s] -- Found rmw_fastrtps_cpp: 6.2.6 (/opt/ros/humble/share/rmw_fastrtps_cpp/cmake)
[0.550s] -- Using RMW implementation 'rmw_fastrtps_cpp' as default
[0.751s] -- Found ament_lint_auto: 0.12.10 (/opt/ros/humble/share/ament_lint_auto/cmake)
[0.832s] -- Added test 'copyright' to check source files copyright and LICENSE
[0.833s] -- Added test 'cppcheck' to perform static code analysis on C / C++ code
[0.834s] -- Configured cppcheck include dirs: /home/akhil-rover/rover/example_ws/src/src/examples/rclcpp/executors/cbg_executor/include
[0.834s] -- Configured cppcheck exclude dirs and/or files: 
[0.835s] -- Added test 'cpplint' to check C / C++ code against the Google style
[0.835s] -- Configured cpplint exclude dirs and/or files: 
[0.836s] -- Added test 'lint_cmake' to check CMake code style
[0.837s] -- Added test 'uncrustify' to check C / C++ code style
[0.838s] -- Configured uncrustify additional arguments: 
[0.838s] -- Added test 'xmllint' to check XML markup files
[0.840s] -- Configuring done
[0.857s] -- Generating done
[0.860s] -- Build files have been written to: /home/akhil-rover/rover/example_ws/build/examples_rclcpp_cbg_executor
[0.876s] Invoked command in '/home/akhil-rover/rover/example_ws/build/examples_rclcpp_cbg_executor' returned '0': CMAKE_PREFIX_PATH=/opt/ros/humble /usr/bin/cmake /home/akhil-rover/rover/example_ws/src/src/examples/rclcpp/executors/cbg_executor -DAMENT_CMAKE_SYMLINK_INSTALL=1 -DCMAKE_INSTALL_PREFIX=/home/akhil-rover/rover/example_ws/install/examples_rclcpp_cbg_executor
[0.877s] Invoking command in '/home/akhil-rover/rover/example_ws/build/examples_rclcpp_cbg_executor': CMAKE_PREFIX_PATH=/opt/ros/humble /usr/bin/cmake --build /home/akhil-rover/rover/example_ws/build/examples_rclcpp_cbg_executor -- -j4 -l4
[0.920s] [35m[1mConsolidate compiler generated dependencies of target ping[0m
[0.930s] [35m[1mConsolidate compiler generated dependencies of target pong[0m
[0.931s] [35m[1mConsolidate compiler generated dependencies of target ping_pong[0m
[0.957s] [ 10%] [32m[1mLinking CXX executable ping[0m
[0.966s] [ 20%] [32m[1mLinking CXX executable ping_pong[0m
[0.972s] [ 30%] [32m[1mLinking CXX executable pong[0m
[1.825s] [ 50%] Built target pong
[2.141s] [ 70%] Built target ping
[2.157s] [100%] Built target ping_pong
[2.167s] Invoked command in '/home/akhil-rover/rover/example_ws/build/examples_rclcpp_cbg_executor' returned '0': CMAKE_PREFIX_PATH=/opt/ros/humble /usr/bin/cmake --build /home/akhil-rover/rover/example_ws/build/examples_rclcpp_cbg_executor -- -j4 -l4
[2.199s] Invoking command in '/home/akhil-rover/rover/example_ws/build/examples_rclcpp_cbg_executor': CMAKE_PREFIX_PATH=/opt/ros/humble /usr/bin/cmake --install /home/akhil-rover/rover/example_ws/build/examples_rclcpp_cbg_executor
[2.207s] -- Install configuration: ""
[2.208s] -- Execute custom install script
[2.208s] -- Symlinking: /home/akhil-rover/rover/example_ws/install/examples_rclcpp_cbg_executor/lib/examples_rclcpp_cbg_executor/ping
[2.217s] -- Symlinking: /home/akhil-rover/rover/example_ws/install/examples_rclcpp_cbg_executor/lib/examples_rclcpp_cbg_executor/pong
[2.227s] -- Symlinking: /home/akhil-rover/rover/example_ws/install/examples_rclcpp_cbg_executor/lib/examples_rclcpp_cbg_executor/ping_pong
[2.236s] -- Symlinking: /home/akhil-rover/rover/example_ws/install/examples_rclcpp_cbg_executor/include/examples_rclcpp_cbg_executor/ping_node.hpp
[2.245s] -- Symlinking: /home/akhil-rover/rover/example_ws/install/examples_rclcpp_cbg_executor/include/examples_rclcpp_cbg_executor/pong_node.hpp
[2.253s] -- Symlinking: /home/akhil-rover/rover/example_ws/install/examples_rclcpp_cbg_executor/share/ament_index/resource_index/package_run_dependencies/examples_rclcpp_cbg_executor
[2.262s] -- Symlinking: /home/akhil-rover/rover/example_ws/install/examples_rclcpp_cbg_executor/share/ament_index/resource_index/parent_prefix_path/examples_rclcpp_cbg_executor
[2.270s] -- Symlinking: /home/akhil-rover/rover/example_ws/install/examples_rclcpp_cbg_executor/share/examples_rclcpp_cbg_executor/environment/ament_prefix_path.sh
[2.280s] -- Symlinking: /home/akhil-rover/rover/example_ws/install/examples_rclcpp_cbg_executor/share/examples_rclcpp_cbg_executor/environment/ament_prefix_path.dsv
[2.289s] -- Symlinking: /home/akhil-rover/rover/example_ws/install/examples_rclcpp_cbg_executor/share/examples_rclcpp_cbg_executor/environment/path.sh
[2.298s] -- Symlinking: /home/akhil-rover/rover/example_ws/install/examples_rclcpp_cbg_executor/share/examples_rclcpp_cbg_executor/environment/path.dsv
[2.308s] -- Symlinking: /home/akhil-rover/rover/example_ws/install/examples_rclcpp_cbg_executor/share/examples_rclcpp_cbg_executor/local_setup.bash
[2.316s] -- Symlinking: /home/akhil-rover/rover/example_ws/install/examples_rclcpp_cbg_executor/share/examples_rclcpp_cbg_executor/local_setup.sh
[2.325s] -- Symlinking: /home/akhil-rover/rover/example_ws/install/examples_rclcpp_cbg_executor/share/examples_rclcpp_cbg_executor/local_setup.zsh
[2.334s] -- Symlinking: /home/akhil-rover/rover/example_ws/install/examples_rclcpp_cbg_executor/share/examples_rclcpp_cbg_executor/local_setup.dsv
[2.344s] -- Symlinking: /home/akhil-rover/rover/example_ws/install/examples_rclcpp_cbg_executor/share/examples_rclcpp_cbg_executor/package.dsv
[2.351s] -- Symlinking: /home/akhil-rover/rover/example_ws/install/examples_rclcpp_cbg_executor/share/ament_index/resource_index/packages/examples_rclcpp_cbg_executor
[2.359s] -- Symlinking: /home/akhil-rover/rover/example_ws/install/examples_rclcpp_cbg_executor/share/examples_rclcpp_cbg_executor/cmake/ament_cmake_export_dependencies-extras.cmake
[2.369s] -- Symlinking: /home/akhil-rover/rover/example_ws/install/examples_rclcpp_cbg_executor/share/examples_rclcpp_cbg_executor/cmake/examples_rclcpp_cbg_executorConfig.cmake
[2.377s] -- Symlinking: /home/akhil-rover/rover/example_ws/install/examples_rclcpp_cbg_executor/share/examples_rclcpp_cbg_executor/cmake/examples_rclcpp_cbg_executorConfig-version.cmake
[2.385s] -- Symlinking: /home/akhil-rover/rover/example_ws/install/examples_rclcpp_cbg_executor/share/examples_rclcpp_cbg_executor/package.xml
[2.451s] Invoked command in '/home/akhil-rover/rover/example_ws/build/examples_rclcpp_cbg_executor' returned '0': CMAKE_PREFIX_PATH=/opt/ros/humble /usr/bin/cmake --install /home/akhil-rover/rover/example_ws/build/examples_rclcpp_cbg_executor
