[0.066s] Invoking command in '/home/akhil-rover/rover/example_ws/build/examples_rclcpp_wait_set': CMAKE_PREFIX_PATH=/opt/ros/humble /usr/bin/cmake /home/akhil-rover/rover/example_ws/src/src/examples/rclcpp/wait_set -DCMAKE_INSTALL_PREFIX=/home/akhil-rover/rover/example_ws/install/examples_rclcpp_wait_set
[0.138s] -- The C compiler identification is GNU 11.4.0
[0.211s] -- The CXX compiler identification is GNU 11.4.0
[0.220s] -- Detecting C compiler ABI info
[0.316s] -- Detecting C compiler ABI info - done
[0.317s] -- Check for working C compiler: /usr/bin/cc - skipped
[0.318s] -- Detecting C compile features
[0.319s] -- Detecting C compile features - done
[0.323s] -- Detecting CXX compiler ABI info
[0.425s] -- Detecting CXX compiler ABI info - done
[0.438s] -- Check for working CXX compiler: /usr/bin/c++ - skipped
[0.438s] -- Detecting CXX compile features
[0.439s] -- Detecting CXX compile features - done
[0.442s] -- Found ament_cmake: 1.3.7 (/opt/ros/humble/share/ament_cmake/cmake)
[0.665s] -- Found Python3: /usr/bin/python3.10 (found version "3.10.12") found components: Interpreter 
[0.776s] -- Found example_interfaces: 0.9.3 (/opt/ros/humble/share/example_interfaces/cmake)
[0.824s] -- Found rosidl_generator_c: 3.1.5 (/opt/ros/humble/share/rosidl_generator_c/cmake)
[0.830s] -- Found rosidl_adapter: 3.1.5 (/opt/ros/humble/share/rosidl_adapter/cmake)
[0.841s] -- Found rosidl_generator_cpp: 3.1.5 (/opt/ros/humble/share/rosidl_generator_cpp/cmake)
[0.860s] -- Using all available rosidl_typesupport_c: rosidl_typesupport_fastrtps_c;rosidl_typesupport_introspection_c
[0.889s] -- Using all available rosidl_typesupport_cpp: rosidl_typesupport_fastrtps_cpp;rosidl_typesupport_introspection_cpp
[1.149s] -- Found rclcpp: 16.0.8 (/opt/ros/humble/share/rclcpp/cmake)
[1.237s] -- Found rmw_implementation_cmake: 6.1.1 (/opt/ros/humble/share/rmw_implementation_cmake/cmake)
[1.241s] -- Found rmw_fastrtps_cpp: 6.2.6 (/opt/ros/humble/share/rmw_fastrtps_cpp/cmake)
[1.376s] -- Found OpenSSL: /usr/lib/x86_64-linux-gnu/libcrypto.so (found version "3.0.2")  
[1.413s] -- Found FastRTPS: /opt/ros/humble/include  
[1.478s] -- Using RMW implementation 'rmw_fastrtps_cpp' as default
[1.488s] -- Looking for pthread.h
[1.575s] -- Looking for pthread.h - found
[1.575s] -- Performing Test CMAKE_HAVE_LIBC_PTHREAD
[1.663s] -- Performing Test CMAKE_HAVE_LIBC_PTHREAD - Success
[1.665s] -- Found Threads: TRUE  
[1.889s] -- Found rclcpp_components: 16.0.8 (/opt/ros/humble/share/rclcpp_components/cmake)
[1.981s] -- Found ament_lint_auto: 0.12.10 (/opt/ros/humble/share/ament_lint_auto/cmake)
[2.070s] -- Added test 'copyright' to check source files copyright and LICENSE
[2.072s] -- Added test 'cppcheck' to perform static code analysis on C / C++ code
[2.073s] -- Configured cppcheck include dirs: /home/akhil-rover/rover/example_ws/src/src/examples/rclcpp/wait_set/include
[2.073s] -- Configured cppcheck exclude dirs and/or files: 
[2.075s] -- Added test 'cpplint' to check C / C++ code against the Google style
[2.075s] -- Configured cpplint exclude dirs and/or files: 
[2.076s] -- Added test 'lint_cmake' to check CMake code style
[2.078s] -- Added test 'uncrustify' to check C / C++ code style
[2.078s] -- Configured uncrustify additional arguments: 
[2.079s] -- Added test 'xmllint' to check XML markup files
[2.080s] -- Configuring done
[2.127s] -- Generating done
[2.131s] -- Build files have been written to: /home/akhil-rover/rover/example_ws/build/examples_rclcpp_wait_set
[2.204s] Invoked command in '/home/akhil-rover/rover/example_ws/build/examples_rclcpp_wait_set' returned '0': CMAKE_PREFIX_PATH=/opt/ros/humble /usr/bin/cmake /home/akhil-rover/rover/example_ws/src/src/examples/rclcpp/wait_set -DCMAKE_INSTALL_PREFIX=/home/akhil-rover/rover/example_ws/install/examples_rclcpp_wait_set
[2.205s] Invoking command in '/home/akhil-rover/rover/example_ws/build/examples_rclcpp_wait_set': CMAKE_PREFIX_PATH=/opt/ros/humble /usr/bin/cmake --build /home/akhil-rover/rover/example_ws/build/examples_rclcpp_wait_set -- -j4 -l4
[2.266s] [  4%] [32mBuilding CXX object CMakeFiles/talker.dir/src/talker.cpp.o[0m
[8.515s] [  8%] [32m[1mLinking CXX shared library libtalker.so[0m
[8.842s] [  8%] Built target talker
[8.871s] [ 12%] [32mBuilding CXX object CMakeFiles/wait_set_listener.dir/rclcpp_components/node_main_wait_set_listener.cpp.o[0m
[13.323s] [ 16%] [32m[1mLinking CXX executable wait_set_listener[0m
[13.486s] [ 16%] Built target wait_set_listener
[13.503s] [ 20%] [32mBuilding CXX object CMakeFiles/wait_set.dir/src/wait_set.cpp.o[0m
[22.159s] [ 25%] [32m[1mLinking CXX executable wait_set[0m
[22.628s] [ 25%] Built target wait_set
[22.646s] [ 29%] [32mBuilding CXX object CMakeFiles/static_wait_set.dir/src/static_wait_set.cpp.o[0m
[25.666s] [ 33%] [32mBuilding CXX object CMakeFiles/thread_safe_wait_set.dir/src/thread_safe_wait_set.cpp.o[0m
[27.683s] [ 37%] [32mBuilding CXX object CMakeFiles/listener.dir/src/listener.cpp.o[0m
[29.786s] [ 41%] [32mBuilding CXX object CMakeFiles/wait_set_talker.dir/rclcpp_components/node_main_wait_set_talker.cpp.o[0m
[37.113s] [ 45%] [32m[1mLinking CXX executable wait_set_talker[0m
[37.241s] [ 50%] [32m[1mLinking CXX executable static_wait_set[0m
[37.561s] [ 50%] Built target wait_set_talker
[38.345s] [ 50%] Built target static_wait_set
[45.147s] [ 54%] [32m[1mLinking CXX executable thread_safe_wait_set[0m
[45.858s] [ 54%] Built target thread_safe_wait_set
[46.302s] [ 58%] [32m[1mLinking CXX shared library liblistener.so[0m
[46.876s] [ 58%] Built target listener
[46.905s] [ 62%] [32mBuilding CXX object CMakeFiles/executor_random_order.dir/src/executor_random_order.cpp.o[0m
[55.298s] [ 66%] [32m[1mLinking CXX executable executor_random_order[0m
[55.664s] [ 66%] Built target executor_random_order
[55.679s] [ 70%] [32mBuilding CXX object CMakeFiles/wait_set_topics_with_different_rates.dir/src/wait_set_topics_with_different_rates.cpp.o[0m
[62.942s] [ 75%] [32m[1mLinking CXX executable wait_set_topics_with_different_rates[0m
[63.304s] [ 75%] Built target wait_set_topics_with_different_rates
[63.318s] [ 79%] [32mBuilding CXX object CMakeFiles/wait_set_composed.dir/src/wait_set_composed.cpp.o[0m
[65.581s] [ 83%] [32m[1mLinking CXX executable wait_set_composed[0m
[65.755s] [ 83%] Built target wait_set_composed
[65.772s] [ 87%] [32mBuilding CXX object CMakeFiles/wait_set_random_order.dir/src/wait_set_random_order.cpp.o[0m
[65.775s] [ 91%] [32mBuilding CXX object CMakeFiles/wait_set_topics_and_timer.dir/src/wait_set_topics_and_timer.cpp.o[0m
[75.434s] [ 95%] [32m[1mLinking CXX executable wait_set_random_order[0m
[75.986s] [ 95%] Built target wait_set_random_order
[76.242s] [100%] [32m[1mLinking CXX executable wait_set_topics_and_timer[0m
[76.639s] [100%] Built target wait_set_topics_and_timer
[76.649s] Invoked command in '/home/akhil-rover/rover/example_ws/build/examples_rclcpp_wait_set' returned '0': CMAKE_PREFIX_PATH=/opt/ros/humble /usr/bin/cmake --build /home/akhil-rover/rover/example_ws/build/examples_rclcpp_wait_set -- -j4 -l4
[76.692s] Invoking command in '/home/akhil-rover/rover/example_ws/build/examples_rclcpp_wait_set': CMAKE_PREFIX_PATH=/opt/ros/humble /usr/bin/cmake --install /home/akhil-rover/rover/example_ws/build/examples_rclcpp_wait_set
[76.699s] -- Install configuration: ""
[76.699s] -- Installing: /home/akhil-rover/rover/example_ws/install/examples_rclcpp_wait_set/lib/examples_rclcpp_wait_set/wait_set_talker
[76.699s] -- Set runtime path of "/home/akhil-rover/rover/example_ws/install/examples_rclcpp_wait_set/lib/examples_rclcpp_wait_set/wait_set_talker" to ""
[76.699s] -- Installing: /home/akhil-rover/rover/example_ws/install/examples_rclcpp_wait_set/lib/examples_rclcpp_wait_set/wait_set_listener
[76.700s] -- Set runtime path of "/home/akhil-rover/rover/example_ws/install/examples_rclcpp_wait_set/lib/examples_rclcpp_wait_set/wait_set_listener" to ""
[76.700s] -- Installing: /home/akhil-rover/rover/example_ws/install/examples_rclcpp_wait_set/lib/libtalker.so
[76.701s] -- Set runtime path of "/home/akhil-rover/rover/example_ws/install/examples_rclcpp_wait_set/lib/libtalker.so" to ""
[76.701s] -- Installing: /home/akhil-rover/rover/example_ws/install/examples_rclcpp_wait_set/lib/liblistener.so
[76.707s] -- Set runtime path of "/home/akhil-rover/rover/example_ws/install/examples_rclcpp_wait_set/lib/liblistener.so" to ""
[76.708s] -- Installing: /home/akhil-rover/rover/example_ws/install/examples_rclcpp_wait_set/lib/examples_rclcpp_wait_set/wait_set
[76.711s] -- Set runtime path of "/home/akhil-rover/rover/example_ws/install/examples_rclcpp_wait_set/lib/examples_rclcpp_wait_set/wait_set" to ""
[76.711s] -- Installing: /home/akhil-rover/rover/example_ws/install/examples_rclcpp_wait_set/lib/examples_rclcpp_wait_set/static_wait_set
[76.714s] -- Set runtime path of "/home/akhil-rover/rover/example_ws/install/examples_rclcpp_wait_set/lib/examples_rclcpp_wait_set/static_wait_set" to ""
[76.714s] -- Installing: /home/akhil-rover/rover/example_ws/install/examples_rclcpp_wait_set/lib/examples_rclcpp_wait_set/thread_safe_wait_set
[76.717s] -- Set runtime path of "/home/akhil-rover/rover/example_ws/install/examples_rclcpp_wait_set/lib/examples_rclcpp_wait_set/thread_safe_wait_set" to ""
[76.717s] -- Installing: /home/akhil-rover/rover/example_ws/install/examples_rclcpp_wait_set/lib/examples_rclcpp_wait_set/wait_set_topics_and_timer
[76.720s] -- Set runtime path of "/home/akhil-rover/rover/example_ws/install/examples_rclcpp_wait_set/lib/examples_rclcpp_wait_set/wait_set_topics_and_timer" to ""
[76.720s] -- Installing: /home/akhil-rover/rover/example_ws/install/examples_rclcpp_wait_set/lib/examples_rclcpp_wait_set/wait_set_random_order
[76.723s] -- Set runtime path of "/home/akhil-rover/rover/example_ws/install/examples_rclcpp_wait_set/lib/examples_rclcpp_wait_set/wait_set_random_order" to ""
[76.723s] -- Installing: /home/akhil-rover/rover/example_ws/install/examples_rclcpp_wait_set/lib/examples_rclcpp_wait_set/executor_random_order
[76.726s] -- Set runtime path of "/home/akhil-rover/rover/example_ws/install/examples_rclcpp_wait_set/lib/examples_rclcpp_wait_set/executor_random_order" to ""
[76.726s] -- Installing: /home/akhil-rover/rover/example_ws/install/examples_rclcpp_wait_set/lib/examples_rclcpp_wait_set/wait_set_topics_with_different_rates
[76.730s] -- Set runtime path of "/home/akhil-rover/rover/example_ws/install/examples_rclcpp_wait_set/lib/examples_rclcpp_wait_set/wait_set_topics_with_different_rates" to ""
[76.730s] -- Installing: /home/akhil-rover/rover/example_ws/install/examples_rclcpp_wait_set/lib/examples_rclcpp_wait_set/wait_set_composed
[76.730s] -- Set runtime path of "/home/akhil-rover/rover/example_ws/install/examples_rclcpp_wait_set/lib/examples_rclcpp_wait_set/wait_set_composed" to ""
[76.730s] -- Installing: /home/akhil-rover/rover/example_ws/install/examples_rclcpp_wait_set/share/ament_index/resource_index/package_run_dependencies/examples_rclcpp_wait_set
[76.730s] -- Installing: /home/akhil-rover/rover/example_ws/install/examples_rclcpp_wait_set/share/ament_index/resource_index/parent_prefix_path/examples_rclcpp_wait_set
[76.730s] -- Installing: /home/akhil-rover/rover/example_ws/install/examples_rclcpp_wait_set/share/examples_rclcpp_wait_set/environment/ament_prefix_path.sh
[76.730s] -- Installing: /home/akhil-rover/rover/example_ws/install/examples_rclcpp_wait_set/share/examples_rclcpp_wait_set/environment/ament_prefix_path.dsv
[76.731s] -- Installing: /home/akhil-rover/rover/example_ws/install/examples_rclcpp_wait_set/share/examples_rclcpp_wait_set/environment/path.sh
[76.731s] -- Installing: /home/akhil-rover/rover/example_ws/install/examples_rclcpp_wait_set/share/examples_rclcpp_wait_set/environment/path.dsv
[76.731s] -- Installing: /home/akhil-rover/rover/example_ws/install/examples_rclcpp_wait_set/share/examples_rclcpp_wait_set/local_setup.bash
[76.731s] -- Installing: /home/akhil-rover/rover/example_ws/install/examples_rclcpp_wait_set/share/examples_rclcpp_wait_set/local_setup.sh
[76.731s] -- Installing: /home/akhil-rover/rover/example_ws/install/examples_rclcpp_wait_set/share/examples_rclcpp_wait_set/local_setup.zsh
[76.731s] -- Installing: /home/akhil-rover/rover/example_ws/install/examples_rclcpp_wait_set/share/examples_rclcpp_wait_set/local_setup.dsv
[76.731s] -- Installing: /home/akhil-rover/rover/example_ws/install/examples_rclcpp_wait_set/share/examples_rclcpp_wait_set/package.dsv
[76.731s] -- Installing: /home/akhil-rover/rover/example_ws/install/examples_rclcpp_wait_set/share/ament_index/resource_index/packages/examples_rclcpp_wait_set
[76.731s] -- Installing: /home/akhil-rover/rover/example_ws/install/examples_rclcpp_wait_set/share/ament_index/resource_index/rclcpp_components/examples_rclcpp_wait_set
[76.732s] -- Installing: /home/akhil-rover/rover/example_ws/install/examples_rclcpp_wait_set/share/examples_rclcpp_wait_set/cmake/examples_rclcpp_wait_setConfig.cmake
[76.732s] -- Installing: /home/akhil-rover/rover/example_ws/install/examples_rclcpp_wait_set/share/examples_rclcpp_wait_set/cmake/examples_rclcpp_wait_setConfig-version.cmake
[76.732s] -- Installing: /home/akhil-rover/rover/example_ws/install/examples_rclcpp_wait_set/share/examples_rclcpp_wait_set/package.xml
[76.733s] Invoked command in '/home/akhil-rover/rover/example_ws/build/examples_rclcpp_wait_set' returned '0': CMAKE_PREFIX_PATH=/opt/ros/humble /usr/bin/cmake --install /home/akhil-rover/rover/example_ws/build/examples_rclcpp_wait_set
