[0.123s] Invoking command in '/home/akhil-rover/rover/example_ws/build/examples_rclcpp_minimal_composition': CMAKE_PREFIX_PATH=/opt/ros/humble /usr/bin/cmake /home/akhil-rover/rover/example_ws/src/src/examples/rclcpp/composition/minimal_composition -DCMAKE_INSTALL_PREFIX=/home/akhil-rover/rover/example_ws/install/examples_rclcpp_minimal_composition
[0.320s] -- The C compiler identification is GNU 11.4.0
[0.535s] -- The CXX compiler identification is GNU 11.4.0
[0.559s] -- Detecting C compiler ABI info
[0.845s] -- Detecting C compiler ABI info - done
[0.860s] -- Check for working C compiler: /usr/bin/cc - skipped
[0.861s] -- Detecting C compile features
[0.862s] -- Detecting C compile features - done
[0.869s] -- Detecting CXX compiler ABI info
[1.183s] -- Detecting CXX compiler ABI info - done
[1.193s] -- Check for working CXX compiler: /usr/bin/c++ - skipped
[1.193s] -- Detecting CXX compile features
[1.194s] -- Detecting CXX compile features - done
[1.196s] -- Found ament_cmake: 1.3.7 (/opt/ros/humble/share/ament_cmake/cmake)
[1.565s] -- Found Python3: /usr/bin/python3.10 (found version "3.10.12") found components: Interpreter 
[1.770s] -- Found rclcpp: 16.0.8 (/opt/ros/humble/share/rclcpp/cmake)
[1.856s] -- Found rosidl_generator_c: 3.1.5 (/opt/ros/humble/share/rosidl_generator_c/cmake)
[1.866s] -- Found rosidl_adapter: 3.1.5 (/opt/ros/humble/share/rosidl_adapter/cmake)
[1.885s] -- Found rosidl_generator_cpp: 3.1.5 (/opt/ros/humble/share/rosidl_generator_cpp/cmake)
[1.922s] -- Using all available rosidl_typesupport_c: rosidl_typesupport_fastrtps_c;rosidl_typesupport_introspection_c
[1.970s] -- Using all available rosidl_typesupport_cpp: rosidl_typesupport_fastrtps_cpp;rosidl_typesupport_introspection_cpp
[2.152s] -- Found rmw_implementation_cmake: 6.1.1 (/opt/ros/humble/share/rmw_implementation_cmake/cmake)
[2.155s] -- Found rmw_fastrtps_cpp: 6.2.6 (/opt/ros/humble/share/rmw_fastrtps_cpp/cmake)
[2.590s] -- Found OpenSSL: /usr/lib/x86_64-linux-gnu/libcrypto.so (found version "3.0.2")  
[2.644s] -- Found FastRTPS: /opt/ros/humble/include  
[2.751s] -- Using RMW implementation 'rmw_fastrtps_cpp' as default
[2.772s] -- Looking for pthread.h
[3.104s] -- Looking for pthread.h - found
[3.104s] -- Performing Test CMAKE_HAVE_LIBC_PTHREAD
[3.396s] -- Performing Test CMAKE_HAVE_LIBC_PTHREAD - Success
[3.397s] -- Found Threads: TRUE  
[3.839s] -- Found rclcpp_components: 16.0.8 (/opt/ros/humble/share/rclcpp_components/cmake)
[4.030s] -- Found ament_lint_auto: 0.12.10 (/opt/ros/humble/share/ament_lint_auto/cmake)
[4.167s] -- Added test 'copyright' to check source files copyright and LICENSE
[4.175s] -- Added test 'cppcheck' to perform static code analysis on C / C++ code
[4.176s] -- Configured cppcheck include dirs: /home/akhil-rover/rover/example_ws/src/src/examples/rclcpp/composition/minimal_composition/include
[4.176s] -- Configured cppcheck exclude dirs and/or files: 
[4.180s] -- Added test 'cpplint' to check C / C++ code against the Google style
[4.180s] -- Configured cpplint exclude dirs and/or files: 
[4.181s] -- Added test 'lint_cmake' to check CMake code style
[4.183s] -- Added test 'uncrustify' to check C / C++ code style
[4.183s] -- Configured uncrustify additional arguments: 
[4.184s] -- Added test 'xmllint' to check XML markup files
[4.185s] -- Configuring done
[4.228s] -- Generating done
[4.237s] -- Build files have been written to: /home/akhil-rover/rover/example_ws/build/examples_rclcpp_minimal_composition
[4.275s] Invoked command in '/home/akhil-rover/rover/example_ws/build/examples_rclcpp_minimal_composition' returned '0': CMAKE_PREFIX_PATH=/opt/ros/humble /usr/bin/cmake /home/akhil-rover/rover/example_ws/src/src/examples/rclcpp/composition/minimal_composition -DCMAKE_INSTALL_PREFIX=/home/akhil-rover/rover/example_ws/install/examples_rclcpp_minimal_composition
[4.276s] Invoking command in '/home/akhil-rover/rover/example_ws/build/examples_rclcpp_minimal_composition': CMAKE_PREFIX_PATH=/opt/ros/humble /usr/bin/cmake --build /home/akhil-rover/rover/example_ws/build/examples_rclcpp_minimal_composition -- -j4 -l4
[4.492s] [ 11%] [32mBuilding CXX object CMakeFiles/composition_nodes.dir/src/publisher_node.cpp.o[0m
[4.529s] [ 22%] [32mBuilding CXX object CMakeFiles/composition_nodes.dir/src/subscriber_node.cpp.o[0m
[24.011s] [ 33%] [32m[1mLinking CXX shared library libcomposition_nodes.so[0m
[24.709s] [ 33%] Built target composition_nodes
[24.732s] [ 44%] [32mBuilding CXX object CMakeFiles/composition_publisher.dir/src/standalone_publisher.cpp.o[0m
[28.623s] [ 55%] [32m[1mLinking CXX executable composition_publisher[0m
[28.930s] [ 55%] Built target composition_publisher
[28.956s] [ 66%] [32mBuilding CXX object CMakeFiles/composition_composed.dir/src/composed.cpp.o[0m
[33.188s] [ 77%] [32m[1mLinking CXX executable composition_composed[0m
[33.485s] [ 77%] Built target composition_composed
[33.510s] [ 88%] [32mBuilding CXX object CMakeFiles/composition_subscriber.dir/src/standalone_subscriber.cpp.o[0m
[37.569s] [100%] [32m[1mLinking CXX executable composition_subscriber[0m
[37.869s] [100%] Built target composition_subscriber
[37.883s] Invoked command in '/home/akhil-rover/rover/example_ws/build/examples_rclcpp_minimal_composition' returned '0': CMAKE_PREFIX_PATH=/opt/ros/humble /usr/bin/cmake --build /home/akhil-rover/rover/example_ws/build/examples_rclcpp_minimal_composition -- -j4 -l4
[37.926s] Invoking command in '/home/akhil-rover/rover/example_ws/build/examples_rclcpp_minimal_composition': CMAKE_PREFIX_PATH=/opt/ros/humble /usr/bin/cmake --install /home/akhil-rover/rover/example_ws/build/examples_rclcpp_minimal_composition
[37.935s] -- Install configuration: ""
[37.935s] -- Installing: /home/akhil-rover/rover/example_ws/install/examples_rclcpp_minimal_composition/share/examples_rclcpp_minimal_composition/environment/library_path.sh
[37.936s] -- Installing: /home/akhil-rover/rover/example_ws/install/examples_rclcpp_minimal_composition/share/examples_rclcpp_minimal_composition/environment/library_path.dsv
[37.936s] -- Installing: /home/akhil-rover/rover/example_ws/install/examples_rclcpp_minimal_composition/lib/libcomposition_nodes.so
[37.943s] -- Set runtime path of "/home/akhil-rover/rover/example_ws/install/examples_rclcpp_minimal_composition/lib/libcomposition_nodes.so" to ""
[37.943s] -- Installing: /home/akhil-rover/rover/example_ws/install/examples_rclcpp_minimal_composition/lib/examples_rclcpp_minimal_composition/composition_publisher
[37.943s] -- Set runtime path of "/home/akhil-rover/rover/example_ws/install/examples_rclcpp_minimal_composition/lib/examples_rclcpp_minimal_composition/composition_publisher" to ""
[37.943s] -- Installing: /home/akhil-rover/rover/example_ws/install/examples_rclcpp_minimal_composition/lib/examples_rclcpp_minimal_composition/composition_subscriber
[37.944s] -- Set runtime path of "/home/akhil-rover/rover/example_ws/install/examples_rclcpp_minimal_composition/lib/examples_rclcpp_minimal_composition/composition_subscriber" to ""
[37.944s] -- Installing: /home/akhil-rover/rover/example_ws/install/examples_rclcpp_minimal_composition/lib/examples_rclcpp_minimal_composition/composition_composed
[37.944s] -- Set runtime path of "/home/akhil-rover/rover/example_ws/install/examples_rclcpp_minimal_composition/lib/examples_rclcpp_minimal_composition/composition_composed" to ""
[37.944s] -- Installing: /home/akhil-rover/rover/example_ws/install/examples_rclcpp_minimal_composition/share/ament_index/resource_index/package_run_dependencies/examples_rclcpp_minimal_composition
[37.945s] -- Installing: /home/akhil-rover/rover/example_ws/install/examples_rclcpp_minimal_composition/share/ament_index/resource_index/parent_prefix_path/examples_rclcpp_minimal_composition
[37.945s] -- Installing: /home/akhil-rover/rover/example_ws/install/examples_rclcpp_minimal_composition/share/examples_rclcpp_minimal_composition/environment/ament_prefix_path.sh
[37.945s] -- Installing: /home/akhil-rover/rover/example_ws/install/examples_rclcpp_minimal_composition/share/examples_rclcpp_minimal_composition/environment/ament_prefix_path.dsv
[37.945s] -- Installing: /home/akhil-rover/rover/example_ws/install/examples_rclcpp_minimal_composition/share/examples_rclcpp_minimal_composition/environment/path.sh
[37.945s] -- Installing: /home/akhil-rover/rover/example_ws/install/examples_rclcpp_minimal_composition/share/examples_rclcpp_minimal_composition/environment/path.dsv
[37.945s] -- Installing: /home/akhil-rover/rover/example_ws/install/examples_rclcpp_minimal_composition/share/examples_rclcpp_minimal_composition/local_setup.bash
[37.946s] -- Installing: /home/akhil-rover/rover/example_ws/install/examples_rclcpp_minimal_composition/share/examples_rclcpp_minimal_composition/local_setup.sh
[37.946s] -- Installing: /home/akhil-rover/rover/example_ws/install/examples_rclcpp_minimal_composition/share/examples_rclcpp_minimal_composition/local_setup.zsh
[37.946s] -- Installing: /home/akhil-rover/rover/example_ws/install/examples_rclcpp_minimal_composition/share/examples_rclcpp_minimal_composition/local_setup.dsv
[37.946s] -- Installing: /home/akhil-rover/rover/example_ws/install/examples_rclcpp_minimal_composition/share/examples_rclcpp_minimal_composition/package.dsv
[37.946s] -- Installing: /home/akhil-rover/rover/example_ws/install/examples_rclcpp_minimal_composition/share/ament_index/resource_index/packages/examples_rclcpp_minimal_composition
[37.946s] -- Installing: /home/akhil-rover/rover/example_ws/install/examples_rclcpp_minimal_composition/share/examples_rclcpp_minimal_composition/cmake/examples_rclcpp_minimal_compositionConfig.cmake
[37.946s] -- Installing: /home/akhil-rover/rover/example_ws/install/examples_rclcpp_minimal_composition/share/examples_rclcpp_minimal_composition/cmake/examples_rclcpp_minimal_compositionConfig-version.cmake
[37.947s] -- Installing: /home/akhil-rover/rover/example_ws/install/examples_rclcpp_minimal_composition/share/examples_rclcpp_minimal_composition/package.xml
[37.957s] Invoked command in '/home/akhil-rover/rover/example_ws/build/examples_rclcpp_minimal_composition' returned '0': CMAKE_PREFIX_PATH=/opt/ros/humble /usr/bin/cmake --install /home/akhil-rover/rover/example_ws/build/examples_rclcpp_minimal_composition
