-- Found ament_cmake: 1.3.7 (/opt/ros/humble/share/ament_cmake/cmake)
-- Override CMake install command with custom implementation using symlinks instead of copying resources
-- Found example_interfaces: 0.9.3 (/opt/ros/humble/share/example_interfaces/cmake)
-- Found rosidl_generator_c: 3.1.5 (/opt/ros/humble/share/rosidl_generator_c/cmake)
-- Found rosidl_adapter: 3.1.5 (/opt/ros/humble/share/rosidl_adapter/cmake)
-- Found rosidl_generator_cpp: 3.1.5 (/opt/ros/humble/share/rosidl_generator_cpp/cmake)
-- Using all available rosidl_typesupport_c: rosidl_typesupport_fastrtps_c;rosidl_typesupport_introspection_c
-- Using all available rosidl_typesupport_cpp: rosidl_typesupport_fastrtps_cpp;rosidl_typesupport_introspection_cpp
-- Found rclcpp: 16.0.8 (/opt/ros/humble/share/rclcpp/cmake)
-- Found rmw_implementation_cmake: 6.1.1 (/opt/ros/humble/share/rmw_implementation_cmake/cmake)
-- Found rmw_fastrtps_cpp: 6.2.6 (/opt/ros/humble/share/rmw_fastrtps_cpp/cmake)
-- Using RMW implementation 'rmw_fastrtps_cpp' as default
-- Found rclcpp_components: 16.0.8 (/opt/ros/humble/share/rclcpp_components/cmake)
-- Found ament_lint_auto: 0.12.10 (/opt/ros/humble/share/ament_lint_auto/cmake)
-- Added test 'copyright' to check source files copyright and LICENSE
-- Added test 'cppcheck' to perform static code analysis on C / C++ code
-- Configured cppcheck include dirs: /home/akhil-rover/rover/example_ws/src/src/examples/rclcpp/wait_set/include
-- Configured cppcheck exclude dirs and/or files: 
-- Added test 'cpplint' to check C / C++ code against the Google style
-- Configured cpplint exclude dirs and/or files: 
-- Added test 'lint_cmake' to check CMake code style
-- Added test 'uncrustify' to check C / C++ code style
-- Configured uncrustify additional arguments: 
-- Added test 'xmllint' to check XML markup files
-- Configuring done
-- Generating done
-- Build files have been written to: /home/akhil-rover/rover/example_ws/build/examples_rclcpp_wait_set
[35m[1mConsolidate compiler generated dependencies of target talker[0m
[35m[1mConsolidate compiler generated dependencies of target wait_set_talker[0m
[35m[1mConsolidate compiler generated dependencies of target wait_set_listener[0m
[35m[1mConsolidate compiler generated dependencies of target listener[0m
[  4%] [32m[1mLinking CXX shared library libtalker.so[0m
[  8%] [32m[1mLinking CXX executable wait_set_talker[0m
[ 12%] [32m[1mLinking CXX shared library liblistener.so[0m
[ 16%] [32m[1mLinking CXX executable wait_set_listener[0m
[ 20%] Built target wait_set_talker
[35m[1mConsolidate compiler generated dependencies of target wait_set[0m
[ 25%] [32m[1mLinking CXX executable wait_set[0m
[ 29%] Built target talker
[ 33%] Built target wait_set_listener
[35m[1mConsolidate compiler generated dependencies of target thread_safe_wait_set[0m
[35m[1mConsolidate compiler generated dependencies of target static_wait_set[0m
[ 37%] [32m[1mLinking CXX executable thread_safe_wait_set[0m
[ 41%] [32m[1mLinking CXX executable static_wait_set[0m
[ 45%] Built target listener
[35m[1mConsolidate compiler generated dependencies of target wait_set_topics_and_timer[0m
[ 50%] [32m[1mLinking CXX executable wait_set_topics_and_timer[0m
[ 54%] Built target wait_set
[35m[1mConsolidate compiler generated dependencies of target wait_set_random_order[0m
[ 58%] [32m[1mLinking CXX executable wait_set_random_order[0m
[ 62%] Built target static_wait_set
[35m[1mConsolidate compiler generated dependencies of target executor_random_order[0m
[ 66%] Built target thread_safe_wait_set
[ 70%] [32m[1mLinking CXX executable executor_random_order[0m
[35m[1mConsolidate compiler generated dependencies of target wait_set_topics_with_different_rates[0m
[ 75%] [32m[1mLinking CXX executable wait_set_topics_with_different_rates[0m
[ 79%] Built target wait_set_topics_and_timer
[35m[1mConsolidate compiler generated dependencies of target wait_set_composed[0m
[ 83%] Built target executor_random_order
[ 87%] [32m[1mLinking CXX executable wait_set_composed[0m
[ 91%] Built target wait_set_topics_with_different_rates
[ 95%] Built target wait_set_random_order
[100%] Built target wait_set_composed
-- Install configuration: ""
-- Execute custom install script
-- Symlinking: /home/akhil-rover/rover/example_ws/install/examples_rclcpp_wait_set/lib/examples_rclcpp_wait_set/wait_set_talker
-- Symlinking: /home/akhil-rover/rover/example_ws/install/examples_rclcpp_wait_set/lib/examples_rclcpp_wait_set/wait_set_listener
-- Symlinking: /home/akhil-rover/rover/example_ws/install/examples_rclcpp_wait_set/lib/libtalker.so
-- Symlinking: /home/akhil-rover/rover/example_ws/install/examples_rclcpp_wait_set/lib/liblistener.so
-- Symlinking: /home/akhil-rover/rover/example_ws/install/examples_rclcpp_wait_set/lib/examples_rclcpp_wait_set/wait_set
-- Symlinking: /home/akhil-rover/rover/example_ws/install/examples_rclcpp_wait_set/lib/examples_rclcpp_wait_set/static_wait_set
-- Symlinking: /home/akhil-rover/rover/example_ws/install/examples_rclcpp_wait_set/lib/examples_rclcpp_wait_set/thread_safe_wait_set
-- Symlinking: /home/akhil-rover/rover/example_ws/install/examples_rclcpp_wait_set/lib/examples_rclcpp_wait_set/wait_set_topics_and_timer
-- Symlinking: /home/akhil-rover/rover/example_ws/install/examples_rclcpp_wait_set/lib/examples_rclcpp_wait_set/wait_set_random_order
-- Symlinking: /home/akhil-rover/rover/example_ws/install/examples_rclcpp_wait_set/lib/examples_rclcpp_wait_set/executor_random_order
-- Symlinking: /home/akhil-rover/rover/example_ws/install/examples_rclcpp_wait_set/lib/examples_rclcpp_wait_set/wait_set_topics_with_different_rates
-- Symlinking: /home/akhil-rover/rover/example_ws/install/examples_rclcpp_wait_set/lib/examples_rclcpp_wait_set/wait_set_composed
-- Symlinking: /home/akhil-rover/rover/example_ws/install/examples_rclcpp_wait_set/share/ament_index/resource_index/package_run_dependencies/examples_rclcpp_wait_set
-- Symlinking: /home/akhil-rover/rover/example_ws/install/examples_rclcpp_wait_set/share/ament_index/resource_index/parent_prefix_path/examples_rclcpp_wait_set
-- Symlinking: /home/akhil-rover/rover/example_ws/install/examples_rclcpp_wait_set/share/examples_rclcpp_wait_set/environment/ament_prefix_path.sh
-- Symlinking: /home/akhil-rover/rover/example_ws/install/examples_rclcpp_wait_set/share/examples_rclcpp_wait_set/environment/ament_prefix_path.dsv
-- Symlinking: /home/akhil-rover/rover/example_ws/install/examples_rclcpp_wait_set/share/examples_rclcpp_wait_set/environment/path.sh
-- Symlinking: /home/akhil-rover/rover/example_ws/install/examples_rclcpp_wait_set/share/examples_rclcpp_wait_set/environment/path.dsv
-- Symlinking: /home/akhil-rover/rover/example_ws/install/examples_rclcpp_wait_set/share/examples_rclcpp_wait_set/local_setup.bash
-- Symlinking: /home/akhil-rover/rover/example_ws/install/examples_rclcpp_wait_set/share/examples_rclcpp_wait_set/local_setup.sh
-- Symlinking: /home/akhil-rover/rover/example_ws/install/examples_rclcpp_wait_set/share/examples_rclcpp_wait_set/local_setup.zsh
-- Symlinking: /home/akhil-rover/rover/example_ws/install/examples_rclcpp_wait_set/share/examples_rclcpp_wait_set/local_setup.dsv
-- Symlinking: /home/akhil-rover/rover/example_ws/install/examples_rclcpp_wait_set/share/examples_rclcpp_wait_set/package.dsv
-- Symlinking: /home/akhil-rover/rover/example_ws/install/examples_rclcpp_wait_set/share/ament_index/resource_index/packages/examples_rclcpp_wait_set
-- Symlinking: /home/akhil-rover/rover/example_ws/install/examples_rclcpp_wait_set/share/ament_index/resource_index/rclcpp_components/examples_rclcpp_wait_set
-- Symlinking: /home/akhil-rover/rover/example_ws/install/examples_rclcpp_wait_set/share/examples_rclcpp_wait_set/cmake/examples_rclcpp_wait_setConfig.cmake
-- Symlinking: /home/akhil-rover/rover/example_ws/install/examples_rclcpp_wait_set/share/examples_rclcpp_wait_set/cmake/examples_rclcpp_wait_setConfig-version.cmake
-- Symlinking: /home/akhil-rover/rover/example_ws/install/examples_rclcpp_wait_set/share/examples_rclcpp_wait_set/package.xml
