[0.122s] Invoking command in '/home/akhil-rover/rover/example_ws/build/examples_rclcpp_wait_set': CMAKE_PREFIX_PATH=/opt/ros/humble /usr/bin/cmake /home/akhil-rover/rover/example_ws/src/src/examples/rclcpp/wait_set -DAMENT_CMAKE_SYMLINK_INSTALL=1 -DCMAKE_INSTALL_PREFIX=/home/akhil-rover/rover/example_ws/install/examples_rclcpp_wait_set
[0.140s] -- Found ament_cmake: 1.3.7 (/opt/ros/humble/share/ament_cmake/cmake)
[0.319s] -- Override CMake install command with custom implementation using symlinks instead of copying resources
[0.328s] -- Found example_interfaces: 0.9.3 (/opt/ros/humble/share/example_interfaces/cmake)
[0.382s] -- Found rosidl_generator_c: 3.1.5 (/opt/ros/humble/share/rosidl_generator_c/cmake)
[0.386s] -- Found rosidl_adapter: 3.1.5 (/opt/ros/humble/share/rosidl_adapter/cmake)
[0.392s] -- Found rosidl_generator_cpp: 3.1.5 (/opt/ros/humble/share/rosidl_generator_cpp/cmake)
[0.430s] -- Using all available rosidl_typesupport_c: rosidl_typesupport_fastrtps_c;rosidl_typesupport_introspection_c
[0.474s] -- Using all available rosidl_typesupport_cpp: rosidl_typesupport_fastrtps_cpp;rosidl_typesupport_introspection_cpp
[0.778s] -- Found rclcpp: 16.0.8 (/opt/ros/humble/share/rclcpp/cmake)
[0.875s] -- Found rmw_implementation_cmake: 6.1.1 (/opt/ros/humble/share/rmw_implementation_cmake/cmake)
[0.877s] -- Found rmw_fastrtps_cpp: 6.2.6 (/opt/ros/humble/share/rmw_fastrtps_cpp/cmake)
[1.124s] -- Using RMW implementation 'rmw_fastrtps_cpp' as default
[1.335s] -- Found rclcpp_components: 16.0.8 (/opt/ros/humble/share/rclcpp_components/cmake)
[1.421s] -- Found ament_lint_auto: 0.12.10 (/opt/ros/humble/share/ament_lint_auto/cmake)
[1.520s] -- Added test 'copyright' to check source files copyright and LICENSE
[1.520s] -- Added test 'cppcheck' to perform static code analysis on C / C++ code
[1.520s] -- Configured cppcheck include dirs: /home/akhil-rover/rover/example_ws/src/src/examples/rclcpp/wait_set/include
[1.521s] -- Configured cppcheck exclude dirs and/or files: 
[1.521s] -- Added test 'cpplint' to check C / C++ code against the Google style
[1.521s] -- Configured cpplint exclude dirs and/or files: 
[1.521s] -- Added test 'lint_cmake' to check CMake code style
[1.522s] -- Added test 'uncrustify' to check C / C++ code style
[1.522s] -- Configured uncrustify additional arguments: 
[1.522s] -- Added test 'xmllint' to check XML markup files
[1.523s] -- Configuring done
[1.577s] -- Generating done
[1.586s] -- Build files have been written to: /home/akhil-rover/rover/example_ws/build/examples_rclcpp_wait_set
[1.615s] Invoked command in '/home/akhil-rover/rover/example_ws/build/examples_rclcpp_wait_set' returned '0': CMAKE_PREFIX_PATH=/opt/ros/humble /usr/bin/cmake /home/akhil-rover/rover/example_ws/src/src/examples/rclcpp/wait_set -DAMENT_CMAKE_SYMLINK_INSTALL=1 -DCMAKE_INSTALL_PREFIX=/home/akhil-rover/rover/example_ws/install/examples_rclcpp_wait_set
[1.623s] Invoking command in '/home/akhil-rover/rover/example_ws/build/examples_rclcpp_wait_set': CMAKE_PREFIX_PATH=/opt/ros/humble /usr/bin/cmake --build /home/akhil-rover/rover/example_ws/build/examples_rclcpp_wait_set -- -j4 -l4
[1.786s] [35m[1mConsolidate compiler generated dependencies of target talker[0m
[1.794s] [35m[1mConsolidate compiler generated dependencies of target wait_set_talker[0m
[1.796s] [35m[1mConsolidate compiler generated dependencies of target wait_set_listener[0m
[1.807s] [35m[1mConsolidate compiler generated dependencies of target listener[0m
[1.838s] [  4%] [32m[1mLinking CXX shared library libtalker.so[0m
[1.839s] [  8%] [32m[1mLinking CXX executable wait_set_talker[0m
[1.849s] [ 12%] [32m[1mLinking CXX shared library liblistener.so[0m
[1.858s] [ 16%] [32m[1mLinking CXX executable wait_set_listener[0m
[2.086s] [ 20%] Built target wait_set_talker
[2.142s] [35m[1mConsolidate compiler generated dependencies of target wait_set[0m
[2.204s] [ 25%] [32m[1mLinking CXX executable wait_set[0m
[2.222s] [ 29%] Built target talker
[2.226s] [ 33%] Built target wait_set_listener
[2.239s] [35m[1mConsolidate compiler generated dependencies of target thread_safe_wait_set[0m
[2.259s] [35m[1mConsolidate compiler generated dependencies of target static_wait_set[0m
[2.265s] [ 37%] [32m[1mLinking CXX executable thread_safe_wait_set[0m
[2.315s] [ 41%] [32m[1mLinking CXX executable static_wait_set[0m
[2.985s] [ 45%] Built target listener
[3.037s] [35m[1mConsolidate compiler generated dependencies of target wait_set_topics_and_timer[0m
[3.109s] [ 50%] [32m[1mLinking CXX executable wait_set_topics_and_timer[0m
[3.146s] [ 54%] Built target wait_set
[3.194s] [35m[1mConsolidate compiler generated dependencies of target wait_set_random_order[0m
[3.237s] [ 58%] [32m[1mLinking CXX executable wait_set_random_order[0m
[3.259s] [ 62%] Built target static_wait_set
[3.336s] [35m[1mConsolidate compiler generated dependencies of target executor_random_order[0m
[3.346s] [ 66%] Built target thread_safe_wait_set
[3.405s] [ 70%] [32m[1mLinking CXX executable executor_random_order[0m
[3.407s] [35m[1mConsolidate compiler generated dependencies of target wait_set_topics_with_different_rates[0m
[3.470s] [ 75%] [32m[1mLinking CXX executable wait_set_topics_with_different_rates[0m
[4.120s] [ 79%] Built target wait_set_topics_and_timer
[4.178s] [35m[1mConsolidate compiler generated dependencies of target wait_set_composed[0m
[4.178s] [ 83%] Built target executor_random_order
[4.239s] [ 87%] [32m[1mLinking CXX executable wait_set_composed[0m
[4.249s] [ 91%] Built target wait_set_topics_with_different_rates
[4.322s] [ 95%] Built target wait_set_random_order
[4.535s] [100%] Built target wait_set_composed
[4.700s] Invoked command in '/home/akhil-rover/rover/example_ws/build/examples_rclcpp_wait_set' returned '0': CMAKE_PREFIX_PATH=/opt/ros/humble /usr/bin/cmake --build /home/akhil-rover/rover/example_ws/build/examples_rclcpp_wait_set -- -j4 -l4
[4.828s] Invoking command in '/home/akhil-rover/rover/example_ws/build/examples_rclcpp_wait_set': CMAKE_PREFIX_PATH=/opt/ros/humble /usr/bin/cmake --install /home/akhil-rover/rover/example_ws/build/examples_rclcpp_wait_set
[5.059s] -- Install configuration: ""
[5.059s] -- Execute custom install script
[5.059s] -- Symlinking: /home/akhil-rover/rover/example_ws/install/examples_rclcpp_wait_set/lib/examples_rclcpp_wait_set/wait_set_talker
[5.059s] -- Symlinking: /home/akhil-rover/rover/example_ws/install/examples_rclcpp_wait_set/lib/examples_rclcpp_wait_set/wait_set_listener
[5.059s] -- Symlinking: /home/akhil-rover/rover/example_ws/install/examples_rclcpp_wait_set/lib/libtalker.so
[5.060s] -- Symlinking: /home/akhil-rover/rover/example_ws/install/examples_rclcpp_wait_set/lib/liblistener.so
[5.060s] -- Symlinking: /home/akhil-rover/rover/example_ws/install/examples_rclcpp_wait_set/lib/examples_rclcpp_wait_set/wait_set
[5.060s] -- Symlinking: /home/akhil-rover/rover/example_ws/install/examples_rclcpp_wait_set/lib/examples_rclcpp_wait_set/static_wait_set
[5.060s] -- Symlinking: /home/akhil-rover/rover/example_ws/install/examples_rclcpp_wait_set/lib/examples_rclcpp_wait_set/thread_safe_wait_set
[5.060s] -- Symlinking: /home/akhil-rover/rover/example_ws/install/examples_rclcpp_wait_set/lib/examples_rclcpp_wait_set/wait_set_topics_and_timer
[5.060s] -- Symlinking: /home/akhil-rover/rover/example_ws/install/examples_rclcpp_wait_set/lib/examples_rclcpp_wait_set/wait_set_random_order
[5.060s] -- Symlinking: /home/akhil-rover/rover/example_ws/install/examples_rclcpp_wait_set/lib/examples_rclcpp_wait_set/executor_random_order
[5.060s] -- Symlinking: /home/akhil-rover/rover/example_ws/install/examples_rclcpp_wait_set/lib/examples_rclcpp_wait_set/wait_set_topics_with_different_rates
[5.060s] -- Symlinking: /home/akhil-rover/rover/example_ws/install/examples_rclcpp_wait_set/lib/examples_rclcpp_wait_set/wait_set_composed
[5.060s] -- Symlinking: /home/akhil-rover/rover/example_ws/install/examples_rclcpp_wait_set/share/ament_index/resource_index/package_run_dependencies/examples_rclcpp_wait_set
[5.060s] -- Symlinking: /home/akhil-rover/rover/example_ws/install/examples_rclcpp_wait_set/share/ament_index/resource_index/parent_prefix_path/examples_rclcpp_wait_set
[5.060s] -- Symlinking: /home/akhil-rover/rover/example_ws/install/examples_rclcpp_wait_set/share/examples_rclcpp_wait_set/environment/ament_prefix_path.sh
[5.060s] -- Symlinking: /home/akhil-rover/rover/example_ws/install/examples_rclcpp_wait_set/share/examples_rclcpp_wait_set/environment/ament_prefix_path.dsv
[5.060s] -- Symlinking: /home/akhil-rover/rover/example_ws/install/examples_rclcpp_wait_set/share/examples_rclcpp_wait_set/environment/path.sh
[5.061s] -- Symlinking: /home/akhil-rover/rover/example_ws/install/examples_rclcpp_wait_set/share/examples_rclcpp_wait_set/environment/path.dsv
[5.061s] -- Symlinking: /home/akhil-rover/rover/example_ws/install/examples_rclcpp_wait_set/share/examples_rclcpp_wait_set/local_setup.bash
[5.061s] -- Symlinking: /home/akhil-rover/rover/example_ws/install/examples_rclcpp_wait_set/share/examples_rclcpp_wait_set/local_setup.sh
[5.061s] -- Symlinking: /home/akhil-rover/rover/example_ws/install/examples_rclcpp_wait_set/share/examples_rclcpp_wait_set/local_setup.zsh
[5.061s] -- Symlinking: /home/akhil-rover/rover/example_ws/install/examples_rclcpp_wait_set/share/examples_rclcpp_wait_set/local_setup.dsv
[5.061s] -- Symlinking: /home/akhil-rover/rover/example_ws/install/examples_rclcpp_wait_set/share/examples_rclcpp_wait_set/package.dsv
[5.061s] -- Symlinking: /home/akhil-rover/rover/example_ws/install/examples_rclcpp_wait_set/share/ament_index/resource_index/packages/examples_rclcpp_wait_set
[5.061s] -- Symlinking: /home/akhil-rover/rover/example_ws/install/examples_rclcpp_wait_set/share/ament_index/resource_index/rclcpp_components/examples_rclcpp_wait_set
[5.061s] -- Symlinking: /home/akhil-rover/rover/example_ws/install/examples_rclcpp_wait_set/share/examples_rclcpp_wait_set/cmake/examples_rclcpp_wait_setConfig.cmake
[5.061s] -- Symlinking: /home/akhil-rover/rover/example_ws/install/examples_rclcpp_wait_set/share/examples_rclcpp_wait_set/cmake/examples_rclcpp_wait_setConfig-version.cmake
[5.061s] -- Symlinking: /home/akhil-rover/rover/example_ws/install/examples_rclcpp_wait_set/share/examples_rclcpp_wait_set/package.xml
[5.247s] Invoked command in '/home/akhil-rover/rover/example_ws/build/examples_rclcpp_wait_set' returned '0': CMAKE_PREFIX_PATH=/opt/ros/humble /usr/bin/cmake --install /home/akhil-rover/rover/example_ws/build/examples_rclcpp_wait_set
