[0.951s] Invoking command in '/home/akhil-rover/rover/example_ws/src/src/examples/rclpy/executors': PYTHONPATH=/home/akhil-rover/rover/example_ws/build/examples_rclpy_executors/prefix_override:/home/akhil-rover/rover/example_ws/install/examples_rclpy_executors/lib/python3.10/site-packages:${PYTHONPATH} /usr/bin/python3 setup.py egg_info --egg-base ../../../../../build/examples_rclpy_executors build --build-base /home/akhil-rover/rover/example_ws/build/examples_rclpy_executors/build install --record /home/akhil-rover/rover/example_ws/build/examples_rclpy_executors/install.log --single-version-externally-managed
[1.256s] running egg_info
[1.257s] creating ../../../../../build/examples_rclpy_executors/examples_rclpy_executors.egg-info
[1.258s] writing ../../../../../build/examples_rclpy_executors/examples_rclpy_executors.egg-info/PKG-INFO
[1.258s] writing dependency_links to ../../../../../build/examples_rclpy_executors/examples_rclpy_executors.egg-info/dependency_links.txt
[1.259s] writing entry points to ../../../../../build/examples_rclpy_executors/examples_rclpy_executors.egg-info/entry_points.txt
[1.259s] writing requirements to ../../../../../build/examples_rclpy_executors/examples_rclpy_executors.egg-info/requires.txt
[1.259s] writing top-level names to ../../../../../build/examples_rclpy_executors/examples_rclpy_executors.egg-info/top_level.txt
[1.260s] writing manifest file '../../../../../build/examples_rclpy_executors/examples_rclpy_executors.egg-info/SOURCES.txt'
[1.268s] reading manifest file '../../../../../build/examples_rclpy_executors/examples_rclpy_executors.egg-info/SOURCES.txt'
[1.269s] writing manifest file '../../../../../build/examples_rclpy_executors/examples_rclpy_executors.egg-info/SOURCES.txt'
[1.270s] running build
[1.270s] running build_py
[1.270s] creating /home/akhil-rover/rover/example_ws/build/examples_rclpy_executors/build
[1.270s] creating /home/akhil-rover/rover/example_ws/build/examples_rclpy_executors/build/lib
[1.271s] creating /home/akhil-rover/rover/example_ws/build/examples_rclpy_executors/build/lib/examples_rclpy_executors
[1.271s] copying examples_rclpy_executors/custom_executor.py -> /home/akhil-rover/rover/example_ws/build/examples_rclpy_executors/build/lib/examples_rclpy_executors
[1.271s] copying examples_rclpy_executors/composed.py -> /home/akhil-rover/rover/example_ws/build/examples_rclpy_executors/build/lib/examples_rclpy_executors
[1.272s] copying examples_rclpy_executors/__init__.py -> /home/akhil-rover/rover/example_ws/build/examples_rclpy_executors/build/lib/examples_rclpy_executors
[1.272s] copying examples_rclpy_executors/custom_callback_group.py -> /home/akhil-rover/rover/example_ws/build/examples_rclpy_executors/build/lib/examples_rclpy_executors
[1.272s] copying examples_rclpy_executors/talker.py -> /home/akhil-rover/rover/example_ws/build/examples_rclpy_executors/build/lib/examples_rclpy_executors
[1.273s] copying examples_rclpy_executors/callback_group.py -> /home/akhil-rover/rover/example_ws/build/examples_rclpy_executors/build/lib/examples_rclpy_executors
[1.273s] copying examples_rclpy_executors/listener.py -> /home/akhil-rover/rover/example_ws/build/examples_rclpy_executors/build/lib/examples_rclpy_executors
[1.274s] running install
[1.274s] /usr/lib/python3/dist-packages/setuptools/command/install.py:34: SetuptoolsDeprecationWarning: setup.py install is deprecated. Use build and pip and other standards-based tools.
[1.274s]   warnings.warn(
[1.275s] running install_lib
[1.276s] creating /home/akhil-rover/rover/example_ws/install/examples_rclpy_executors/lib/python3.10/site-packages/examples_rclpy_executors
[1.277s] copying /home/akhil-rover/rover/example_ws/build/examples_rclpy_executors/build/lib/examples_rclpy_executors/custom_executor.py -> /home/akhil-rover/rover/example_ws/install/examples_rclpy_executors/lib/python3.10/site-packages/examples_rclpy_executors
[1.277s] copying /home/akhil-rover/rover/example_ws/build/examples_rclpy_executors/build/lib/examples_rclpy_executors/composed.py -> /home/akhil-rover/rover/example_ws/install/examples_rclpy_executors/lib/python3.10/site-packages/examples_rclpy_executors
[1.277s] copying /home/akhil-rover/rover/example_ws/build/examples_rclpy_executors/build/lib/examples_rclpy_executors/__init__.py -> /home/akhil-rover/rover/example_ws/install/examples_rclpy_executors/lib/python3.10/site-packages/examples_rclpy_executors
[1.277s] copying /home/akhil-rover/rover/example_ws/build/examples_rclpy_executors/build/lib/examples_rclpy_executors/custom_callback_group.py -> /home/akhil-rover/rover/example_ws/install/examples_rclpy_executors/lib/python3.10/site-packages/examples_rclpy_executors
[1.278s] copying /home/akhil-rover/rover/example_ws/build/examples_rclpy_executors/build/lib/examples_rclpy_executors/talker.py -> /home/akhil-rover/rover/example_ws/install/examples_rclpy_executors/lib/python3.10/site-packages/examples_rclpy_executors
[1.278s] copying /home/akhil-rover/rover/example_ws/build/examples_rclpy_executors/build/lib/examples_rclpy_executors/callback_group.py -> /home/akhil-rover/rover/example_ws/install/examples_rclpy_executors/lib/python3.10/site-packages/examples_rclpy_executors
[1.278s] copying /home/akhil-rover/rover/example_ws/build/examples_rclpy_executors/build/lib/examples_rclpy_executors/listener.py -> /home/akhil-rover/rover/example_ws/install/examples_rclpy_executors/lib/python3.10/site-packages/examples_rclpy_executors
[1.279s] byte-compiling /home/akhil-rover/rover/example_ws/install/examples_rclpy_executors/lib/python3.10/site-packages/examples_rclpy_executors/custom_executor.py to custom_executor.cpython-310.pyc
[1.281s] byte-compiling /home/akhil-rover/rover/example_ws/install/examples_rclpy_executors/lib/python3.10/site-packages/examples_rclpy_executors/composed.py to composed.cpython-310.pyc
[1.281s] byte-compiling /home/akhil-rover/rover/example_ws/install/examples_rclpy_executors/lib/python3.10/site-packages/examples_rclpy_executors/__init__.py to __init__.cpython-310.pyc
[1.282s] byte-compiling /home/akhil-rover/rover/example_ws/install/examples_rclpy_executors/lib/python3.10/site-packages/examples_rclpy_executors/custom_callback_group.py to custom_callback_group.cpython-310.pyc
[1.283s] byte-compiling /home/akhil-rover/rover/example_ws/install/examples_rclpy_executors/lib/python3.10/site-packages/examples_rclpy_executors/talker.py to talker.cpython-310.pyc
[1.284s] byte-compiling /home/akhil-rover/rover/example_ws/install/examples_rclpy_executors/lib/python3.10/site-packages/examples_rclpy_executors/callback_group.py to callback_group.cpython-310.pyc
[1.284s] byte-compiling /home/akhil-rover/rover/example_ws/install/examples_rclpy_executors/lib/python3.10/site-packages/examples_rclpy_executors/listener.py to listener.cpython-310.pyc
[1.285s] running install_data
[1.286s] creating /home/akhil-rover/rover/example_ws/install/examples_rclpy_executors/share/ament_index
[1.286s] creating /home/akhil-rover/rover/example_ws/install/examples_rclpy_executors/share/ament_index/resource_index
[1.286s] creating /home/akhil-rover/rover/example_ws/install/examples_rclpy_executors/share/ament_index/resource_index/packages
[1.287s] copying resource/examples_rclpy_executors -> /home/akhil-rover/rover/example_ws/install/examples_rclpy_executors/share/ament_index/resource_index/packages
[1.287s] copying package.xml -> /home/akhil-rover/rover/example_ws/install/examples_rclpy_executors/share/examples_rclpy_executors
[1.287s] running install_egg_info
[1.291s] Copying ../../../../../build/examples_rclpy_executors/examples_rclpy_executors.egg-info to /home/akhil-rover/rover/example_ws/install/examples_rclpy_executors/lib/python3.10/site-packages/examples_rclpy_executors-0.15.1-py3.10.egg-info
[1.292s] running install_scripts
[1.325s] Installing callback_group script to /home/akhil-rover/rover/example_ws/install/examples_rclpy_executors/lib/examples_rclpy_executors
[1.325s] Installing composed script to /home/akhil-rover/rover/example_ws/install/examples_rclpy_executors/lib/examples_rclpy_executors
[1.325s] Installing custom_callback_group script to /home/akhil-rover/rover/example_ws/install/examples_rclpy_executors/lib/examples_rclpy_executors
[1.325s] Installing custom_executor script to /home/akhil-rover/rover/example_ws/install/examples_rclpy_executors/lib/examples_rclpy_executors
[1.325s] Installing listener script to /home/akhil-rover/rover/example_ws/install/examples_rclpy_executors/lib/examples_rclpy_executors
[1.326s] Installing talker script to /home/akhil-rover/rover/example_ws/install/examples_rclpy_executors/lib/examples_rclpy_executors
[1.326s] writing list of installed files to '/home/akhil-rover/rover/example_ws/build/examples_rclpy_executors/install.log'
[1.363s] Invoked command in '/home/akhil-rover/rover/example_ws/src/src/examples/rclpy/executors' returned '0': PYTHONPATH=/home/akhil-rover/rover/example_ws/build/examples_rclpy_executors/prefix_override:/home/akhil-rover/rover/example_ws/install/examples_rclpy_executors/lib/python3.10/site-packages:${PYTHONPATH} /usr/bin/python3 setup.py egg_info --egg-base ../../../../../build/examples_rclpy_executors build --build-base /home/akhil-rover/rover/example_ws/build/examples_rclpy_executors/build install --record /home/akhil-rover/rover/example_ws/build/examples_rclpy_executors/install.log --single-version-externally-managed
