[0.987s] Invoking command in '/home/akhil-rover/rover/example_ws/build/examples_rclpy_minimal_client': PYTHONPATH=/home/akhil-rover/rover/example_ws/build/examples_rclpy_minimal_client/prefix_override:/home/akhil-rover/rover/example_ws/install/examples_rclpy_minimal_client/lib/python3.10/site-packages:${PYTHONPATH} /usr/bin/python3 setup.py develop --editable --build-directory /home/akhil-rover/rover/example_ws/build/examples_rclpy_minimal_client/build --no-deps install_data
[1.264s] running develop
[1.265s] /usr/lib/python3/dist-packages/setuptools/command/easy_install.py:158: EasyInstallDeprecationWarning: easy_install command is deprecated. Use build and pip and other standards-based tools.
[1.265s]   warnings.warn(
[1.266s] /usr/lib/python3/dist-packages/setuptools/command/install.py:34: SetuptoolsDeprecationWarning: setup.py install is deprecated. Use build and pip and other standards-based tools.
[1.266s]   warnings.warn(
[1.431s] running egg_info
[1.432s] writing examples_rclpy_minimal_client.egg-info/PKG-INFO
[1.432s] writing dependency_links to examples_rclpy_minimal_client.egg-info/dependency_links.txt
[1.432s] writing entry points to examples_rclpy_minimal_client.egg-info/entry_points.txt
[1.432s] writing requirements to examples_rclpy_minimal_client.egg-info/requires.txt
[1.432s] writing top-level names to examples_rclpy_minimal_client.egg-info/top_level.txt
[1.434s] reading manifest file 'examples_rclpy_minimal_client.egg-info/SOURCES.txt'
[1.434s] writing manifest file 'examples_rclpy_minimal_client.egg-info/SOURCES.txt'
[1.435s] running build_ext
[1.435s] Creating /home/akhil-rover/rover/example_ws/install/examples_rclpy_minimal_client/lib/python3.10/site-packages/examples-rclpy-minimal-client.egg-link (link to .)
[1.436s] Installing client script to /home/akhil-rover/rover/example_ws/install/examples_rclpy_minimal_client/lib/examples_rclpy_minimal_client
[1.436s] Installing client_async script to /home/akhil-rover/rover/example_ws/install/examples_rclpy_minimal_client/lib/examples_rclpy_minimal_client
[1.436s] Installing client_async_callback script to /home/akhil-rover/rover/example_ws/install/examples_rclpy_minimal_client/lib/examples_rclpy_minimal_client
[1.436s] Installing client_async_member_function script to /home/akhil-rover/rover/example_ws/install/examples_rclpy_minimal_client/lib/examples_rclpy_minimal_client
[1.436s] 
[1.436s] Installed /home/akhil-rover/rover/example_ws/build/examples_rclpy_minimal_client
[1.436s] running install_data
[1.511s] Invoked command in '/home/akhil-rover/rover/example_ws/build/examples_rclpy_minimal_client' returned '0': PYTHONPATH=/home/akhil-rover/rover/example_ws/build/examples_rclpy_minimal_client/prefix_override:/home/akhil-rover/rover/example_ws/install/examples_rclpy_minimal_client/lib/python3.10/site-packages:${PYTHONPATH} /usr/bin/python3 setup.py develop --editable --build-directory /home/akhil-rover/rover/example_ws/build/examples_rclpy_minimal_client/build --no-deps install_data
