running develop
/usr/lib/python3/dist-packages/setuptools/command/easy_install.py:158: EasyInstallDeprecationWarning: easy_install command is deprecated. Use build and pip and other standards-based tools.
  warnings.warn(
/usr/lib/python3/dist-packages/setuptools/command/install.py:34: SetuptoolsDeprecationWarning: setup.py install is deprecated. Use build and pip and other standards-based tools.
  warnings.warn(
running egg_info
writing examples_rclpy_executors.egg-info/PKG-INFO
writing dependency_links to examples_rclpy_executors.egg-info/dependency_links.txt
writing entry points to examples_rclpy_executors.egg-info/entry_points.txt
writing requirements to examples_rclpy_executors.egg-info/requires.txt
writing top-level names to examples_rclpy_executors.egg-info/top_level.txt
reading manifest file 'examples_rclpy_executors.egg-info/SOURCES.txt'
writing manifest file 'examples_rclpy_executors.egg-info/SOURCES.txt'
running build_ext
Creating /home/akhil-rover/rover/example_ws/install/examples_rclpy_executors/lib/python3.10/site-packages/examples-rclpy-executors.egg-link (link to .)
Installing callback_group script to /home/akhil-rover/rover/example_ws/install/examples_rclpy_executors/lib/examples_rclpy_executors
Installing composed script to /home/akhil-rover/rover/example_ws/install/examples_rclpy_executors/lib/examples_rclpy_executors
Installing custom_callback_group script to /home/akhil-rover/rover/example_ws/install/examples_rclpy_executors/lib/examples_rclpy_executors
Installing custom_executor script to /home/akhil-rover/rover/example_ws/install/examples_rclpy_executors/lib/examples_rclpy_executors
Installing listener script to /home/akhil-rover/rover/example_ws/install/examples_rclpy_executors/lib/examples_rclpy_executors
Installing talker script to /home/akhil-rover/rover/example_ws/install/examples_rclpy_executors/lib/examples_rclpy_executors

Installed /home/akhil-rover/rover/example_ws/build/examples_rclpy_executors
running install_data
