[0.099s] Invoking command in '/home/akhil-rover/rover/example_ws/build/examples_rclcpp_minimal_publisher': CMAKE_PREFIX_PATH=/opt/ros/humble /usr/bin/cmake /home/akhil-rover/rover/example_ws/src/src/examples/rclcpp/topics/minimal_publisher -DAMENT_CMAKE_SYMLINK_INSTALL=1 -DCMAKE_INSTALL_PREFIX=/home/akhil-rover/rover/example_ws/install/examples_rclcpp_minimal_publisher
[0.112s] -- Found ament_cmake: 1.3.7 (/opt/ros/humble/share/ament_cmake/cmake)
[0.267s] -- Override CMake install command with custom implementation using symlinks instead of copying resources
[0.275s] -- Found rclcpp: 16.0.8 (/opt/ros/humble/share/rclcpp/cmake)
[0.305s] -- Found rosidl_generator_c: 3.1.5 (/opt/ros/humble/share/rosidl_generator_c/cmake)
[0.308s] -- Found rosidl_adapter: 3.1.5 (/opt/ros/humble/share/rosidl_adapter/cmake)
[0.315s] -- Found rosidl_generator_cpp: 3.1.5 (/opt/ros/humble/share/rosidl_generator_cpp/cmake)
[0.327s] -- Using all available rosidl_typesupport_c: rosidl_typesupport_fastrtps_c;rosidl_typesupport_introspection_c
[0.345s] -- Using all available rosidl_typesupport_cpp: rosidl_typesupport_fastrtps_cpp;rosidl_typesupport_introspection_cpp
[0.417s] -- Found rmw_implementation_cmake: 6.1.1 (/opt/ros/humble/share/rmw_implementation_cmake/cmake)
[0.418s] -- Found rmw_fastrtps_cpp: 6.2.6 (/opt/ros/humble/share/rmw_fastrtps_cpp/cmake)
[0.548s] -- Using RMW implementation 'rmw_fastrtps_cpp' as default
[0.748s] -- Found ament_lint_auto: 0.12.10 (/opt/ros/humble/share/ament_lint_auto/cmake)
[0.824s] -- Added test 'copyright' to check source files copyright and LICENSE
[0.825s] -- Added test 'cppcheck' to perform static code analysis on C / C++ code
[0.825s] -- Configured cppcheck include dirs: 
[0.825s] -- Configured cppcheck exclude dirs and/or files: 
[0.826s] -- Added test 'cpplint' to check C / C++ code against the Google style
[0.826s] -- Configured cpplint exclude dirs and/or files: 
[0.826s] -- Added test 'lint_cmake' to check CMake code style
[0.827s] -- Added test 'uncrustify' to check C / C++ code style
[0.827s] -- Configured uncrustify additional arguments: 
[0.827s] -- Added test 'xmllint' to check XML markup files
[0.828s] -- Configuring done
[0.849s] -- Generating done
[0.851s] -- Build files have been written to: /home/akhil-rover/rover/example_ws/build/examples_rclcpp_minimal_publisher
[0.864s] Invoked command in '/home/akhil-rover/rover/example_ws/build/examples_rclcpp_minimal_publisher' returned '0': CMAKE_PREFIX_PATH=/opt/ros/humble /usr/bin/cmake /home/akhil-rover/rover/example_ws/src/src/examples/rclcpp/topics/minimal_publisher -DAMENT_CMAKE_SYMLINK_INSTALL=1 -DCMAKE_INSTALL_PREFIX=/home/akhil-rover/rover/example_ws/install/examples_rclcpp_minimal_publisher
[0.865s] Invoking command in '/home/akhil-rover/rover/example_ws/build/examples_rclcpp_minimal_publisher': CMAKE_PREFIX_PATH=/opt/ros/humble /usr/bin/cmake --build /home/akhil-rover/rover/example_ws/build/examples_rclcpp_minimal_publisher -- -j4 -l4
[0.911s] [35m[1mConsolidate compiler generated dependencies of target publisher_lambda[0m
[0.912s] [35m[1mConsolidate compiler generated dependencies of target publisher_member_function[0m
[0.927s] [35m[1mConsolidate compiler generated dependencies of target publisher_member_function_with_unique_network_flow_endpoints[0m
[0.932s] [35m[1mConsolidate compiler generated dependencies of target publisher_member_function_with_type_adapter[0m
[0.935s] [  8%] [32m[1mLinking CXX executable publisher_member_function[0m
[0.939s] [ 16%] [32m[1mLinking CXX executable publisher_lambda[0m
[0.952s] [ 25%] [32m[1mLinking CXX executable publisher_member_function_with_unique_network_flow_endpoints[0m
[0.952s] [ 33%] [32m[1mLinking CXX executable publisher_member_function_with_type_adapter[0m
[1.290s] [ 41%] Built target publisher_member_function
[1.311s] [ 50%] Built target publisher_lambda
[1.340s] [35m[1mConsolidate compiler generated dependencies of target publisher_wait_for_all_acked[0m
[1.345s] [35m[1mConsolidate compiler generated dependencies of target publisher_not_composable[0m
[1.362s] [ 58%] Built target publisher_member_function_with_unique_network_flow_endpoints
[1.371s] [ 66%] Built target publisher_member_function_with_type_adapter
[1.380s] [ 83%] [32m[1mLinking CXX executable publisher_wait_for_all_acked[0m
[1.380s] [ 83%] [32m[1mLinking CXX executable publisher_not_composable[0m
[1.674s] [ 91%] Built target publisher_wait_for_all_acked
[1.720s] [100%] Built target publisher_not_composable
[1.779s] Invoked command in '/home/akhil-rover/rover/example_ws/build/examples_rclcpp_minimal_publisher' returned '0': CMAKE_PREFIX_PATH=/opt/ros/humble /usr/bin/cmake --build /home/akhil-rover/rover/example_ws/build/examples_rclcpp_minimal_publisher -- -j4 -l4
[1.827s] Invoking command in '/home/akhil-rover/rover/example_ws/build/examples_rclcpp_minimal_publisher': CMAKE_PREFIX_PATH=/opt/ros/humble /usr/bin/cmake --install /home/akhil-rover/rover/example_ws/build/examples_rclcpp_minimal_publisher
[1.835s] -- Install configuration: ""
[1.835s] -- Execute custom install script
[1.836s] -- Symlinking: /home/akhil-rover/rover/example_ws/install/examples_rclcpp_minimal_publisher/lib/examples_rclcpp_minimal_publisher/publisher_lambda
[1.845s] -- Symlinking: /home/akhil-rover/rover/example_ws/install/examples_rclcpp_minimal_publisher/lib/examples_rclcpp_minimal_publisher/publisher_member_function
[1.854s] -- Symlinking: /home/akhil-rover/rover/example_ws/install/examples_rclcpp_minimal_publisher/lib/examples_rclcpp_minimal_publisher/publisher_member_function_with_type_adapter
[1.864s] -- Symlinking: /home/akhil-rover/rover/example_ws/install/examples_rclcpp_minimal_publisher/lib/examples_rclcpp_minimal_publisher/publisher_member_function_with_unique_network_flow_endpoints
[1.876s] -- Symlinking: /home/akhil-rover/rover/example_ws/install/examples_rclcpp_minimal_publisher/lib/examples_rclcpp_minimal_publisher/publisher_wait_for_all_acked
[1.886s] -- Symlinking: /home/akhil-rover/rover/example_ws/install/examples_rclcpp_minimal_publisher/lib/examples_rclcpp_minimal_publisher/publisher_not_composable
[1.896s] -- Symlinking: /home/akhil-rover/rover/example_ws/install/examples_rclcpp_minimal_publisher/share/ament_index/resource_index/package_run_dependencies/examples_rclcpp_minimal_publisher
[1.904s] -- Symlinking: /home/akhil-rover/rover/example_ws/install/examples_rclcpp_minimal_publisher/share/ament_index/resource_index/parent_prefix_path/examples_rclcpp_minimal_publisher
[1.914s] -- Symlinking: /home/akhil-rover/rover/example_ws/install/examples_rclcpp_minimal_publisher/share/examples_rclcpp_minimal_publisher/environment/ament_prefix_path.sh
[1.925s] -- Symlinking: /home/akhil-rover/rover/example_ws/install/examples_rclcpp_minimal_publisher/share/examples_rclcpp_minimal_publisher/environment/ament_prefix_path.dsv
[1.935s] -- Symlinking: /home/akhil-rover/rover/example_ws/install/examples_rclcpp_minimal_publisher/share/examples_rclcpp_minimal_publisher/environment/path.sh
[1.945s] -- Symlinking: /home/akhil-rover/rover/example_ws/install/examples_rclcpp_minimal_publisher/share/examples_rclcpp_minimal_publisher/environment/path.dsv
[1.955s] -- Symlinking: /home/akhil-rover/rover/example_ws/install/examples_rclcpp_minimal_publisher/share/examples_rclcpp_minimal_publisher/local_setup.bash
[1.964s] -- Symlinking: /home/akhil-rover/rover/example_ws/install/examples_rclcpp_minimal_publisher/share/examples_rclcpp_minimal_publisher/local_setup.sh
[1.972s] -- Symlinking: /home/akhil-rover/rover/example_ws/install/examples_rclcpp_minimal_publisher/share/examples_rclcpp_minimal_publisher/local_setup.zsh
[1.980s] -- Symlinking: /home/akhil-rover/rover/example_ws/install/examples_rclcpp_minimal_publisher/share/examples_rclcpp_minimal_publisher/local_setup.dsv
[1.990s] -- Symlinking: /home/akhil-rover/rover/example_ws/install/examples_rclcpp_minimal_publisher/share/examples_rclcpp_minimal_publisher/package.dsv
[2.010s] -- Symlinking: /home/akhil-rover/rover/example_ws/install/examples_rclcpp_minimal_publisher/share/ament_index/resource_index/packages/examples_rclcpp_minimal_publisher
[2.027s] -- Symlinking: /home/akhil-rover/rover/example_ws/install/examples_rclcpp_minimal_publisher/share/examples_rclcpp_minimal_publisher/cmake/examples_rclcpp_minimal_publisherConfig.cmake
[2.040s] -- Symlinking: /home/akhil-rover/rover/example_ws/install/examples_rclcpp_minimal_publisher/share/examples_rclcpp_minimal_publisher/cmake/examples_rclcpp_minimal_publisherConfig-version.cmake
[2.053s] -- Symlinking: /home/akhil-rover/rover/example_ws/install/examples_rclcpp_minimal_publisher/share/examples_rclcpp_minimal_publisher/package.xml
[2.072s] Invoked command in '/home/akhil-rover/rover/example_ws/build/examples_rclcpp_minimal_publisher' returned '0': CMAKE_PREFIX_PATH=/opt/ros/humble /usr/bin/cmake --install /home/akhil-rover/rover/example_ws/build/examples_rclcpp_minimal_publisher
