running develop
/usr/lib/python3/dist-packages/setuptools/command/easy_install.py:158: EasyInstallDeprecationWarning: easy_install command is deprecated. Use build and pip and other standards-based tools.
  warnings.warn(
/usr/lib/python3/dist-packages/setuptools/command/install.py:34: SetuptoolsDeprecationWarning: setup.py install is deprecated. Use build and pip and other standards-based tools.
  warnings.warn(
running egg_info
writing examples_rclpy_minimal_action_client.egg-info/PKG-INFO
writing dependency_links to examples_rclpy_minimal_action_client.egg-info/dependency_links.txt
writing entry points to examples_rclpy_minimal_action_client.egg-info/entry_points.txt
writing requirements to examples_rclpy_minimal_action_client.egg-info/requires.txt
writing top-level names to examples_rclpy_minimal_action_client.egg-info/top_level.txt
reading manifest file 'examples_rclpy_minimal_action_client.egg-info/SOURCES.txt'
writing manifest file 'examples_rclpy_minimal_action_client.egg-info/SOURCES.txt'
running build_ext
Creating /home/akhil-rover/rover/example_ws/install/examples_rclpy_minimal_action_client/lib/python3.10/site-packages/examples-rclpy-minimal-action-client.egg-link (link to .)
Installing client script to /home/akhil-rover/rover/example_ws/install/examples_rclpy_minimal_action_client/lib/examples_rclpy_minimal_action_client
Installing client_asyncio script to /home/akhil-rover/rover/example_ws/install/examples_rclpy_minimal_action_client/lib/examples_rclpy_minimal_action_client
Installing client_cancel script to /home/akhil-rover/rover/example_ws/install/examples_rclpy_minimal_action_client/lib/examples_rclpy_minimal_action_client
Installing client_not_composable script to /home/akhil-rover/rover/example_ws/install/examples_rclpy_minimal_action_client/lib/examples_rclpy_minimal_action_client

Installed /home/akhil-rover/rover/example_ws/build/examples_rclpy_minimal_action_client
running install_data
