[1.074s] Invoking command in '/home/akhil-rover/rover/example_ws/build/examples_rclpy_minimal_action_server': PYTHONPATH=/home/akhil-rover/rover/example_ws/build/examples_rclpy_minimal_action_server/prefix_override:/home/akhil-rover/rover/example_ws/install/examples_rclpy_minimal_action_server/lib/python3.10/site-packages:${PYTHONPATH} /usr/bin/python3 setup.py develop --editable --build-directory /home/akhil-rover/rover/example_ws/build/examples_rclpy_minimal_action_server/build --no-deps install_data
[1.269s] running develop
[1.269s] /usr/lib/python3/dist-packages/setuptools/command/easy_install.py:158: EasyInstallDeprecationWarning: easy_install command is deprecated. Use build and pip and other standards-based tools.
[1.269s]   warnings.warn(
[1.270s] /usr/lib/python3/dist-packages/setuptools/command/install.py:34: SetuptoolsDeprecationWarning: setup.py install is deprecated. Use build and pip and other standards-based tools.
[1.271s]   warnings.warn(
[1.437s] running egg_info
[1.438s] writing examples_rclpy_minimal_action_server.egg-info/PKG-INFO
[1.438s] writing dependency_links to examples_rclpy_minimal_action_server.egg-info/dependency_links.txt
[1.438s] writing entry points to examples_rclpy_minimal_action_server.egg-info/entry_points.txt
[1.438s] writing requirements to examples_rclpy_minimal_action_server.egg-info/requires.txt
[1.438s] writing top-level names to examples_rclpy_minimal_action_server.egg-info/top_level.txt
[1.440s] reading manifest file 'examples_rclpy_minimal_action_server.egg-info/SOURCES.txt'
[1.441s] writing manifest file 'examples_rclpy_minimal_action_server.egg-info/SOURCES.txt'
[1.443s] running build_ext
[1.443s] Creating /home/akhil-rover/rover/example_ws/install/examples_rclpy_minimal_action_server/lib/python3.10/site-packages/examples-rclpy-minimal-action-server.egg-link (link to .)
[1.444s] Installing server script to /home/akhil-rover/rover/example_ws/install/examples_rclpy_minimal_action_server/lib/examples_rclpy_minimal_action_server
[1.444s] Installing server_defer script to /home/akhil-rover/rover/example_ws/install/examples_rclpy_minimal_action_server/lib/examples_rclpy_minimal_action_server
[1.444s] Installing server_not_composable script to /home/akhil-rover/rover/example_ws/install/examples_rclpy_minimal_action_server/lib/examples_rclpy_minimal_action_server
[1.444s] Installing server_queue_goals script to /home/akhil-rover/rover/example_ws/install/examples_rclpy_minimal_action_server/lib/examples_rclpy_minimal_action_server
[1.444s] Installing server_single_goal script to /home/akhil-rover/rover/example_ws/install/examples_rclpy_minimal_action_server/lib/examples_rclpy_minimal_action_server
[1.444s] 
[1.445s] Installed /home/akhil-rover/rover/example_ws/build/examples_rclpy_minimal_action_server
[1.445s] running install_data
[1.562s] Invoked command in '/home/akhil-rover/rover/example_ws/build/examples_rclpy_minimal_action_server' returned '0': PYTHONPATH=/home/akhil-rover/rover/example_ws/build/examples_rclpy_minimal_action_server/prefix_override:/home/akhil-rover/rover/example_ws/install/examples_rclpy_minimal_action_server/lib/python3.10/site-packages:${PYTHONPATH} /usr/bin/python3 setup.py develop --editable --build-directory /home/akhil-rover/rover/example_ws/build/examples_rclpy_minimal_action_server/build --no-deps install_data
