[1.082s] Invoking command in '/home/akhil-rover/rover/example_ws/build/examples_rclpy_pointcloud_publisher': PYTHONPATH=/home/akhil-rover/rover/example_ws/build/examples_rclpy_pointcloud_publisher/prefix_override:/home/akhil-rover/rover/example_ws/install/examples_rclpy_pointcloud_publisher/lib/python3.10/site-packages:${PYTHONPATH} /usr/bin/python3 setup.py develop --editable --build-directory /home/akhil-rover/rover/example_ws/build/examples_rclpy_pointcloud_publisher/build --no-deps install_data
[1.352s] running develop
[1.352s] /usr/lib/python3/dist-packages/setuptools/command/easy_install.py:158: EasyInstallDeprecationWarning: easy_install command is deprecated. Use build and pip and other standards-based tools.
[1.352s]   warnings.warn(
[1.354s] /usr/lib/python3/dist-packages/setuptools/command/install.py:34: SetuptoolsDeprecationWarning: setup.py install is deprecated. Use build and pip and other standards-based tools.
[1.354s]   warnings.warn(
[1.483s] running egg_info
[1.484s] writing examples_rclpy_pointcloud_publisher.egg-info/PKG-INFO
[1.484s] writing dependency_links to examples_rclpy_pointcloud_publisher.egg-info/dependency_links.txt
[1.484s] writing entry points to examples_rclpy_pointcloud_publisher.egg-info/entry_points.txt
[1.484s] writing requirements to examples_rclpy_pointcloud_publisher.egg-info/requires.txt
[1.484s] writing top-level names to examples_rclpy_pointcloud_publisher.egg-info/top_level.txt
[1.484s] reading manifest file 'examples_rclpy_pointcloud_publisher.egg-info/SOURCES.txt'
[1.485s] writing manifest file 'examples_rclpy_pointcloud_publisher.egg-info/SOURCES.txt'
[1.486s] running build_ext
[1.486s] Creating /home/akhil-rover/rover/example_ws/install/examples_rclpy_pointcloud_publisher/lib/python3.10/site-packages/examples-rclpy-pointcloud-publisher.egg-link (link to .)
[1.487s] Installing pointcloud_publisher script to /home/akhil-rover/rover/example_ws/install/examples_rclpy_pointcloud_publisher/lib/examples_rclpy_pointcloud_publisher
[1.487s] 
[1.487s] Installed /home/akhil-rover/rover/example_ws/build/examples_rclpy_pointcloud_publisher
[1.487s] running install_data
[1.512s] Invoked command in '/home/akhil-rover/rover/example_ws/build/examples_rclpy_pointcloud_publisher' returned '0': PYTHONPATH=/home/akhil-rover/rover/example_ws/build/examples_rclpy_pointcloud_publisher/prefix_override:/home/akhil-rover/rover/example_ws/install/examples_rclpy_pointcloud_publisher/lib/python3.10/site-packages:${PYTHONPATH} /usr/bin/python3 setup.py develop --editable --build-directory /home/akhil-rover/rover/example_ws/build/examples_rclpy_pointcloud_publisher/build --no-deps install_data
