-- Found ament_cmake: 1.3.7 (/opt/ros/humble/share/ament_cmake/cmake)
-- Override CMake install command with custom implementation using symlinks instead of copying resources
-- Found rclcpp: 16.0.8 (/opt/ros/humble/share/rclcpp/cmake)
-- Found rosidl_generator_c: 3.1.5 (/opt/ros/humble/share/rosidl_generator_c/cmake)
-- Found rosidl_adapter: 3.1.5 (/opt/ros/humble/share/rosidl_adapter/cmake)
-- Found rosidl_generator_cpp: 3.1.5 (/opt/ros/humble/share/rosidl_generator_cpp/cmake)
-- Using all available rosidl_typesupport_c: rosidl_typesupport_fastrtps_c;rosidl_typesupport_introspection_c
-- Using all available rosidl_typesupport_cpp: rosidl_typesupport_fastrtps_cpp;rosidl_typesupport_introspection_cpp
-- Found rmw_implementation_cmake: 6.1.1 (/opt/ros/humble/share/rmw_implementation_cmake/cmake)
-- Found rmw_fastrtps_cpp: 6.2.6 (/opt/ros/humble/share/rmw_fastrtps_cpp/cmake)
-- Using RMW implementation 'rmw_fastrtps_cpp' as default
-- Found rclcpp_components: 16.0.8 (/opt/ros/humble/share/rclcpp_components/cmake)
-- Found ament_lint_auto: 0.12.10 (/opt/ros/humble/share/ament_lint_auto/cmake)
-- Added test 'copyright' to check source files copyright and LICENSE
-- Added test 'cppcheck' to perform static code analysis on C / C++ code
-- Configured cppcheck include dirs: /home/akhil-rover/rover/example_ws/src/src/examples/rclcpp/composition/minimal_composition/include
-- Configured cppcheck exclude dirs and/or files: 
-- Added test 'cpplint' to check C / C++ code against the Google style
-- Configured cpplint exclude dirs and/or files: 
-- Added test 'lint_cmake' to check CMake code style
-- Added test 'uncrustify' to check C / C++ code style
-- Configured uncrustify additional arguments: 
-- Added test 'xmllint' to check XML markup files
-- Configuring done
-- Generating done
-- Build files have been written to: /home/akhil-rover/rover/example_ws/build/examples_rclcpp_minimal_composition
[35m[1mConsolidate compiler generated dependencies of target composition_nodes[0m
[ 11%] [32m[1mLinking CXX shared library libcomposition_nodes.so[0m
[ 33%] Built target composition_nodes
[35m[1mConsolidate compiler generated dependencies of target composition_publisher[0m
[35m[1mConsolidate compiler generated dependencies of target composition_composed[0m
[35m[1mConsolidate compiler generated dependencies of target composition_subscriber[0m
[ 44%] [32m[1mLinking CXX executable composition_publisher[0m
[ 55%] [32m[1mLinking CXX executable composition_composed[0m
[ 66%] [32m[1mLinking CXX executable composition_subscriber[0m
[ 77%] Built target composition_subscriber
[ 88%] Built target composition_publisher
[100%] Built target composition_composed
-- Install configuration: ""
-- Execute custom install script
-- Symlinking: /home/akhil-rover/rover/example_ws/install/examples_rclcpp_minimal_composition/share/examples_rclcpp_minimal_composition/environment/library_path.sh
-- Symlinking: /home/akhil-rover/rover/example_ws/install/examples_rclcpp_minimal_composition/share/examples_rclcpp_minimal_composition/environment/library_path.dsv
-- Symlinking: /home/akhil-rover/rover/example_ws/install/examples_rclcpp_minimal_composition/lib/libcomposition_nodes.so
-- Symlinking: /home/akhil-rover/rover/example_ws/install/examples_rclcpp_minimal_composition/lib/examples_rclcpp_minimal_composition/composition_publisher
-- Symlinking: /home/akhil-rover/rover/example_ws/install/examples_rclcpp_minimal_composition/lib/examples_rclcpp_minimal_composition/composition_subscriber
-- Symlinking: /home/akhil-rover/rover/example_ws/install/examples_rclcpp_minimal_composition/lib/examples_rclcpp_minimal_composition/composition_composed
-- Symlinking: /home/akhil-rover/rover/example_ws/install/examples_rclcpp_minimal_composition/share/ament_index/resource_index/package_run_dependencies/examples_rclcpp_minimal_composition
-- Symlinking: /home/akhil-rover/rover/example_ws/install/examples_rclcpp_minimal_composition/share/ament_index/resource_index/parent_prefix_path/examples_rclcpp_minimal_composition
-- Symlinking: /home/akhil-rover/rover/example_ws/install/examples_rclcpp_minimal_composition/share/examples_rclcpp_minimal_composition/environment/ament_prefix_path.sh
-- Symlinking: /home/akhil-rover/rover/example_ws/install/examples_rclcpp_minimal_composition/share/examples_rclcpp_minimal_composition/environment/ament_prefix_path.dsv
-- Symlinking: /home/akhil-rover/rover/example_ws/install/examples_rclcpp_minimal_composition/share/examples_rclcpp_minimal_composition/environment/path.sh
-- Symlinking: /home/akhil-rover/rover/example_ws/install/examples_rclcpp_minimal_composition/share/examples_rclcpp_minimal_composition/environment/path.dsv
-- Symlinking: /home/akhil-rover/rover/example_ws/install/examples_rclcpp_minimal_composition/share/examples_rclcpp_minimal_composition/local_setup.bash
-- Symlinking: /home/akhil-rover/rover/example_ws/install/examples_rclcpp_minimal_composition/share/examples_rclcpp_minimal_composition/local_setup.sh
-- Symlinking: /home/akhil-rover/rover/example_ws/install/examples_rclcpp_minimal_composition/share/examples_rclcpp_minimal_composition/local_setup.zsh
-- Symlinking: /home/akhil-rover/rover/example_ws/install/examples_rclcpp_minimal_composition/share/examples_rclcpp_minimal_composition/local_setup.dsv
-- Symlinking: /home/akhil-rover/rover/example_ws/install/examples_rclcpp_minimal_composition/share/examples_rclcpp_minimal_composition/package.dsv
-- Symlinking: /home/akhil-rover/rover/example_ws/install/examples_rclcpp_minimal_composition/share/ament_index/resource_index/packages/examples_rclcpp_minimal_composition
-- Symlinking: /home/akhil-rover/rover/example_ws/install/examples_rclcpp_minimal_composition/share/examples_rclcpp_minimal_composition/cmake/examples_rclcpp_minimal_compositionConfig.cmake
-- Symlinking: /home/akhil-rover/rover/example_ws/install/examples_rclcpp_minimal_composition/share/examples_rclcpp_minimal_composition/cmake/examples_rclcpp_minimal_compositionConfig-version.cmake
-- Symlinking: /home/akhil-rover/rover/example_ws/install/examples_rclcpp_minimal_composition/share/examples_rclcpp_minimal_composition/package.xml
