[0.129s] Invoking command in '/home/akhil-rover/rover/example_ws/build/examples_rclcpp_minimal_composition': CMAKE_PREFIX_PATH=/opt/ros/humble /usr/bin/cmake /home/akhil-rover/rover/example_ws/src/src/examples/rclcpp/composition/minimal_composition -DAMENT_CMAKE_SYMLINK_INSTALL=1 -DCMAKE_INSTALL_PREFIX=/home/akhil-rover/rover/example_ws/install/examples_rclcpp_minimal_composition
[0.140s] -- Found ament_cmake: 1.3.7 (/opt/ros/humble/share/ament_cmake/cmake)
[0.307s] -- Override CMake install command with custom implementation using symlinks instead of copying resources
[0.308s] -- Found rclcpp: 16.0.8 (/opt/ros/humble/share/rclcpp/cmake)
[0.341s] -- Found rosidl_generator_c: 3.1.5 (/opt/ros/humble/share/rosidl_generator_c/cmake)
[0.344s] -- Found rosidl_adapter: 3.1.5 (/opt/ros/humble/share/rosidl_adapter/cmake)
[0.351s] -- Found rosidl_generator_cpp: 3.1.5 (/opt/ros/humble/share/rosidl_generator_cpp/cmake)
[0.365s] -- Using all available rosidl_typesupport_c: rosidl_typesupport_fastrtps_c;rosidl_typesupport_introspection_c
[0.385s] -- Using all available rosidl_typesupport_cpp: rosidl_typesupport_fastrtps_cpp;rosidl_typesupport_introspection_cpp
[0.458s] -- Found rmw_implementation_cmake: 6.1.1 (/opt/ros/humble/share/rmw_implementation_cmake/cmake)
[0.460s] -- Found rmw_fastrtps_cpp: 6.2.6 (/opt/ros/humble/share/rmw_fastrtps_cpp/cmake)
[0.590s] -- Using RMW implementation 'rmw_fastrtps_cpp' as default
[0.798s] -- Found rclcpp_components: 16.0.8 (/opt/ros/humble/share/rclcpp_components/cmake)
[0.886s] -- Found ament_lint_auto: 0.12.10 (/opt/ros/humble/share/ament_lint_auto/cmake)
[0.974s] -- Added test 'copyright' to check source files copyright and LICENSE
[0.977s] -- Added test 'cppcheck' to perform static code analysis on C / C++ code
[0.981s] -- Configured cppcheck include dirs: /home/akhil-rover/rover/example_ws/src/src/examples/rclcpp/composition/minimal_composition/include
[0.981s] -- Configured cppcheck exclude dirs and/or files: 
[0.982s] -- Added test 'cpplint' to check C / C++ code against the Google style
[0.982s] -- Configured cpplint exclude dirs and/or files: 
[0.984s] -- Added test 'lint_cmake' to check CMake code style
[0.987s] -- Added test 'uncrustify' to check C / C++ code style
[0.987s] -- Configured uncrustify additional arguments: 
[0.990s] -- Added test 'xmllint' to check XML markup files
[0.993s] -- Configuring done
[1.032s] -- Generating done
[1.040s] -- Build files have been written to: /home/akhil-rover/rover/example_ws/build/examples_rclcpp_minimal_composition
[1.096s] Invoked command in '/home/akhil-rover/rover/example_ws/build/examples_rclcpp_minimal_composition' returned '0': CMAKE_PREFIX_PATH=/opt/ros/humble /usr/bin/cmake /home/akhil-rover/rover/example_ws/src/src/examples/rclcpp/composition/minimal_composition -DAMENT_CMAKE_SYMLINK_INSTALL=1 -DCMAKE_INSTALL_PREFIX=/home/akhil-rover/rover/example_ws/install/examples_rclcpp_minimal_composition
[1.097s] Invoking command in '/home/akhil-rover/rover/example_ws/build/examples_rclcpp_minimal_composition': CMAKE_PREFIX_PATH=/opt/ros/humble /usr/bin/cmake --build /home/akhil-rover/rover/example_ws/build/examples_rclcpp_minimal_composition -- -j4 -l4
[1.252s] [35m[1mConsolidate compiler generated dependencies of target composition_nodes[0m
[1.291s] [ 11%] [32m[1mLinking CXX shared library libcomposition_nodes.so[0m
[2.010s] [ 33%] Built target composition_nodes
[2.021s] [35m[1mConsolidate compiler generated dependencies of target composition_publisher[0m
[2.031s] [35m[1mConsolidate compiler generated dependencies of target composition_composed[0m
[2.039s] [35m[1mConsolidate compiler generated dependencies of target composition_subscriber[0m
[2.071s] [ 44%] [32m[1mLinking CXX executable composition_publisher[0m
[2.071s] [ 55%] [32m[1mLinking CXX executable composition_composed[0m
[2.075s] [ 66%] [32m[1mLinking CXX executable composition_subscriber[0m
[2.503s] [ 77%] Built target composition_subscriber
[2.585s] [ 88%] Built target composition_publisher
[2.607s] [100%] Built target composition_composed
[2.629s] Invoked command in '/home/akhil-rover/rover/example_ws/build/examples_rclcpp_minimal_composition' returned '0': CMAKE_PREFIX_PATH=/opt/ros/humble /usr/bin/cmake --build /home/akhil-rover/rover/example_ws/build/examples_rclcpp_minimal_composition -- -j4 -l4
[2.663s] Invoking command in '/home/akhil-rover/rover/example_ws/build/examples_rclcpp_minimal_composition': CMAKE_PREFIX_PATH=/opt/ros/humble /usr/bin/cmake --install /home/akhil-rover/rover/example_ws/build/examples_rclcpp_minimal_composition
[2.672s] -- Install configuration: ""
[2.672s] -- Execute custom install script
[2.673s] -- Symlinking: /home/akhil-rover/rover/example_ws/install/examples_rclcpp_minimal_composition/share/examples_rclcpp_minimal_composition/environment/library_path.sh
[2.682s] -- Symlinking: /home/akhil-rover/rover/example_ws/install/examples_rclcpp_minimal_composition/share/examples_rclcpp_minimal_composition/environment/library_path.dsv
[2.691s] -- Symlinking: /home/akhil-rover/rover/example_ws/install/examples_rclcpp_minimal_composition/lib/libcomposition_nodes.so
[2.702s] -- Symlinking: /home/akhil-rover/rover/example_ws/install/examples_rclcpp_minimal_composition/lib/examples_rclcpp_minimal_composition/composition_publisher
[2.711s] -- Symlinking: /home/akhil-rover/rover/example_ws/install/examples_rclcpp_minimal_composition/lib/examples_rclcpp_minimal_composition/composition_subscriber
[2.722s] -- Symlinking: /home/akhil-rover/rover/example_ws/install/examples_rclcpp_minimal_composition/lib/examples_rclcpp_minimal_composition/composition_composed
[2.731s] -- Symlinking: /home/akhil-rover/rover/example_ws/install/examples_rclcpp_minimal_composition/share/ament_index/resource_index/package_run_dependencies/examples_rclcpp_minimal_composition
[2.742s] -- Symlinking: /home/akhil-rover/rover/example_ws/install/examples_rclcpp_minimal_composition/share/ament_index/resource_index/parent_prefix_path/examples_rclcpp_minimal_composition
[2.752s] -- Symlinking: /home/akhil-rover/rover/example_ws/install/examples_rclcpp_minimal_composition/share/examples_rclcpp_minimal_composition/environment/ament_prefix_path.sh
[2.762s] -- Symlinking: /home/akhil-rover/rover/example_ws/install/examples_rclcpp_minimal_composition/share/examples_rclcpp_minimal_composition/environment/ament_prefix_path.dsv
[2.772s] -- Symlinking: /home/akhil-rover/rover/example_ws/install/examples_rclcpp_minimal_composition/share/examples_rclcpp_minimal_composition/environment/path.sh
[2.784s] -- Symlinking: /home/akhil-rover/rover/example_ws/install/examples_rclcpp_minimal_composition/share/examples_rclcpp_minimal_composition/environment/path.dsv
[2.794s] -- Symlinking: /home/akhil-rover/rover/example_ws/install/examples_rclcpp_minimal_composition/share/examples_rclcpp_minimal_composition/local_setup.bash
[2.803s] -- Symlinking: /home/akhil-rover/rover/example_ws/install/examples_rclcpp_minimal_composition/share/examples_rclcpp_minimal_composition/local_setup.sh
[2.819s] -- Symlinking: /home/akhil-rover/rover/example_ws/install/examples_rclcpp_minimal_composition/share/examples_rclcpp_minimal_composition/local_setup.zsh
[2.829s] -- Symlinking: /home/akhil-rover/rover/example_ws/install/examples_rclcpp_minimal_composition/share/examples_rclcpp_minimal_composition/local_setup.dsv
[2.838s] -- Symlinking: /home/akhil-rover/rover/example_ws/install/examples_rclcpp_minimal_composition/share/examples_rclcpp_minimal_composition/package.dsv
[2.848s] -- Symlinking: /home/akhil-rover/rover/example_ws/install/examples_rclcpp_minimal_composition/share/ament_index/resource_index/packages/examples_rclcpp_minimal_composition
[2.857s] -- Symlinking: /home/akhil-rover/rover/example_ws/install/examples_rclcpp_minimal_composition/share/examples_rclcpp_minimal_composition/cmake/examples_rclcpp_minimal_compositionConfig.cmake
[2.867s] -- Symlinking: /home/akhil-rover/rover/example_ws/install/examples_rclcpp_minimal_composition/share/examples_rclcpp_minimal_composition/cmake/examples_rclcpp_minimal_compositionConfig-version.cmake
[2.876s] -- Symlinking: /home/akhil-rover/rover/example_ws/install/examples_rclcpp_minimal_composition/share/examples_rclcpp_minimal_composition/package.xml
[2.891s] Invoked command in '/home/akhil-rover/rover/example_ws/build/examples_rclcpp_minimal_composition' returned '0': CMAKE_PREFIX_PATH=/opt/ros/humble /usr/bin/cmake --install /home/akhil-rover/rover/example_ws/build/examples_rclcpp_minimal_composition
