[0.951s] Invoking command in '/home/akhil-rover/rover/example_ws/src/src/examples/rclpy/guard_conditions': PYTHONPATH=/home/akhil-rover/rover/example_ws/build/examples_rclpy_guard_conditions/prefix_override:/home/akhil-rover/rover/example_ws/install/examples_rclpy_guard_conditions/lib/python3.10/site-packages:${PYTHONPATH} /usr/bin/python3 setup.py egg_info --egg-base ../../../../../build/examples_rclpy_guard_conditions build --build-base /home/akhil-rover/rover/example_ws/build/examples_rclpy_guard_conditions/build install --record /home/akhil-rover/rover/example_ws/build/examples_rclpy_guard_conditions/install.log --single-version-externally-managed
[1.270s] running egg_info
[1.271s] creating ../../../../../build/examples_rclpy_guard_conditions/examples_rclpy_guard_conditions.egg-info
[1.272s] writing ../../../../../build/examples_rclpy_guard_conditions/examples_rclpy_guard_conditions.egg-info/PKG-INFO
[1.272s] writing dependency_links to ../../../../../build/examples_rclpy_guard_conditions/examples_rclpy_guard_conditions.egg-info/dependency_links.txt
[1.272s] writing entry points to ../../../../../build/examples_rclpy_guard_conditions/examples_rclpy_guard_conditions.egg-info/entry_points.txt
[1.273s] writing requirements to ../../../../../build/examples_rclpy_guard_conditions/examples_rclpy_guard_conditions.egg-info/requires.txt
[1.273s] writing top-level names to ../../../../../build/examples_rclpy_guard_conditions/examples_rclpy_guard_conditions.egg-info/top_level.txt
[1.273s] writing manifest file '../../../../../build/examples_rclpy_guard_conditions/examples_rclpy_guard_conditions.egg-info/SOURCES.txt'
[1.282s] reading manifest file '../../../../../build/examples_rclpy_guard_conditions/examples_rclpy_guard_conditions.egg-info/SOURCES.txt'
[1.283s] writing manifest file '../../../../../build/examples_rclpy_guard_conditions/examples_rclpy_guard_conditions.egg-info/SOURCES.txt'
[1.283s] running build
[1.283s] running build_py
[1.284s] creating /home/akhil-rover/rover/example_ws/build/examples_rclpy_guard_conditions/build
[1.284s] creating /home/akhil-rover/rover/example_ws/build/examples_rclpy_guard_conditions/build/lib
[1.284s] creating /home/akhil-rover/rover/example_ws/build/examples_rclpy_guard_conditions/build/lib/examples_rclpy_guard_conditions
[1.284s] copying examples_rclpy_guard_conditions/__init__.py -> /home/akhil-rover/rover/example_ws/build/examples_rclpy_guard_conditions/build/lib/examples_rclpy_guard_conditions
[1.284s] copying examples_rclpy_guard_conditions/trigger_guard_condition.py -> /home/akhil-rover/rover/example_ws/build/examples_rclpy_guard_conditions/build/lib/examples_rclpy_guard_conditions
[1.284s] running install
[1.285s] /usr/lib/python3/dist-packages/setuptools/command/install.py:34: SetuptoolsDeprecationWarning: setup.py install is deprecated. Use build and pip and other standards-based tools.
[1.285s]   warnings.warn(
[1.285s] running install_lib
[1.287s] creating /home/akhil-rover/rover/example_ws/install/examples_rclpy_guard_conditions/lib/python3.10/site-packages/examples_rclpy_guard_conditions
[1.287s] copying /home/akhil-rover/rover/example_ws/build/examples_rclpy_guard_conditions/build/lib/examples_rclpy_guard_conditions/__init__.py -> /home/akhil-rover/rover/example_ws/install/examples_rclpy_guard_conditions/lib/python3.10/site-packages/examples_rclpy_guard_conditions
[1.287s] copying /home/akhil-rover/rover/example_ws/build/examples_rclpy_guard_conditions/build/lib/examples_rclpy_guard_conditions/trigger_guard_condition.py -> /home/akhil-rover/rover/example_ws/install/examples_rclpy_guard_conditions/lib/python3.10/site-packages/examples_rclpy_guard_conditions
[1.288s] byte-compiling /home/akhil-rover/rover/example_ws/install/examples_rclpy_guard_conditions/lib/python3.10/site-packages/examples_rclpy_guard_conditions/__init__.py to __init__.cpython-310.pyc
[1.288s] byte-compiling /home/akhil-rover/rover/example_ws/install/examples_rclpy_guard_conditions/lib/python3.10/site-packages/examples_rclpy_guard_conditions/trigger_guard_condition.py to trigger_guard_condition.cpython-310.pyc
[1.289s] running install_data
[1.290s] creating /home/akhil-rover/rover/example_ws/install/examples_rclpy_guard_conditions/share/ament_index
[1.290s] creating /home/akhil-rover/rover/example_ws/install/examples_rclpy_guard_conditions/share/ament_index/resource_index
[1.290s] creating /home/akhil-rover/rover/example_ws/install/examples_rclpy_guard_conditions/share/ament_index/resource_index/packages
[1.291s] copying resource/examples_rclpy_guard_conditions -> /home/akhil-rover/rover/example_ws/install/examples_rclpy_guard_conditions/share/ament_index/resource_index/packages
[1.291s] copying package.xml -> /home/akhil-rover/rover/example_ws/install/examples_rclpy_guard_conditions/share/examples_rclpy_guard_conditions
[1.291s] running install_egg_info
[1.294s] Copying ../../../../../build/examples_rclpy_guard_conditions/examples_rclpy_guard_conditions.egg-info to /home/akhil-rover/rover/example_ws/install/examples_rclpy_guard_conditions/lib/python3.10/site-packages/examples_rclpy_guard_conditions-0.15.1-py3.10.egg-info
[1.295s] running install_scripts
[1.325s] Installing trigger_guard_condition script to /home/akhil-rover/rover/example_ws/install/examples_rclpy_guard_conditions/lib/examples_rclpy_guard_conditions
[1.326s] writing list of installed files to '/home/akhil-rover/rover/example_ws/build/examples_rclpy_guard_conditions/install.log'
[1.364s] Invoked command in '/home/akhil-rover/rover/example_ws/src/src/examples/rclpy/guard_conditions' returned '0': PYTHONPATH=/home/akhil-rover/rover/example_ws/build/examples_rclpy_guard_conditions/prefix_override:/home/akhil-rover/rover/example_ws/install/examples_rclpy_guard_conditions/lib/python3.10/site-packages:${PYTHONPATH} /usr/bin/python3 setup.py egg_info --egg-base ../../../../../build/examples_rclpy_guard_conditions build --build-base /home/akhil-rover/rover/example_ws/build/examples_rclpy_guard_conditions/build install --record /home/akhil-rover/rover/example_ws/build/examples_rclpy_guard_conditions/install.log --single-version-externally-managed
