[1.060s] Invoking command in '/home/akhil-rover/rover/example_ws/build/examples_rclpy_minimal_service': PYTHONPATH=/home/akhil-rover/rover/example_ws/build/examples_rclpy_minimal_service/prefix_override:/home/akhil-rover/rover/example_ws/install/examples_rclpy_minimal_service/lib/python3.10/site-packages:${PYTHONPATH} /usr/bin/python3 setup.py develop --editable --build-directory /home/akhil-rover/rover/example_ws/build/examples_rclpy_minimal_service/build --no-deps install_data
[1.344s] running develop
[1.344s] /usr/lib/python3/dist-packages/setuptools/command/easy_install.py:158: EasyInstallDeprecationWarning: easy_install command is deprecated. Use build and pip and other standards-based tools.
[1.344s]   warnings.warn(
[1.346s] /usr/lib/python3/dist-packages/setuptools/command/install.py:34: SetuptoolsDeprecationWarning: setup.py install is deprecated. Use build and pip and other standards-based tools.
[1.346s]   warnings.warn(
[1.511s] running egg_info
[1.511s] writing examples_rclpy_minimal_service.egg-info/PKG-INFO
[1.511s] writing dependency_links to examples_rclpy_minimal_service.egg-info/dependency_links.txt
[1.511s] writing entry points to examples_rclpy_minimal_service.egg-info/entry_points.txt
[1.511s] writing requirements to examples_rclpy_minimal_service.egg-info/requires.txt
[1.511s] writing top-level names to examples_rclpy_minimal_service.egg-info/top_level.txt
[1.513s] reading manifest file 'examples_rclpy_minimal_service.egg-info/SOURCES.txt'
[1.514s] writing manifest file 'examples_rclpy_minimal_service.egg-info/SOURCES.txt'
[1.516s] running build_ext
[1.516s] Creating /home/akhil-rover/rover/example_ws/install/examples_rclpy_minimal_service/lib/python3.10/site-packages/examples-rclpy-minimal-service.egg-link (link to .)
[1.517s] Installing service script to /home/akhil-rover/rover/example_ws/install/examples_rclpy_minimal_service/lib/examples_rclpy_minimal_service
[1.517s] Installing service_member_function script to /home/akhil-rover/rover/example_ws/install/examples_rclpy_minimal_service/lib/examples_rclpy_minimal_service
[1.517s] 
[1.518s] Installed /home/akhil-rover/rover/example_ws/build/examples_rclpy_minimal_service
[1.518s] running install_data
[1.574s] Invoked command in '/home/akhil-rover/rover/example_ws/build/examples_rclpy_minimal_service' returned '0': PYTHONPATH=/home/akhil-rover/rover/example_ws/build/examples_rclpy_minimal_service/prefix_override:/home/akhil-rover/rover/example_ws/install/examples_rclpy_minimal_service/lib/python3.10/site-packages:${PYTHONPATH} /usr/bin/python3 setup.py develop --editable --build-directory /home/akhil-rover/rover/example_ws/build/examples_rclpy_minimal_service/build --no-deps install_data
