[0.102s] Invoking command in '/home/akhil-rover/rover/example_ws/build/examples_rclcpp_cbg_executor': CMAKE_PREFIX_PATH=/opt/ros/humble /usr/bin/cmake /home/akhil-rover/rover/example_ws/src/src/examples/rclcpp/executors/cbg_executor -DCMAKE_INSTALL_PREFIX=/home/akhil-rover/rover/example_ws/install/examples_rclcpp_cbg_executor
[0.212s] -- The C compiler identification is GNU 11.4.0
[0.323s] -- The CXX compiler identification is GNU 11.4.0
[0.331s] -- Detecting C compiler ABI info
[0.413s] -- Detecting C compiler ABI info - done
[0.420s] -- Check for working C compiler: /usr/bin/cc - skipped
[0.420s] -- Detecting C compile features
[0.421s] -- Detecting C compile features - done
[0.424s] -- Detecting CXX compiler ABI info
[0.510s] -- Detecting CXX compiler ABI info - done
[0.521s] -- Check for working CXX compiler: /usr/bin/c++ - skipped
[0.522s] -- Detecting CXX compile features
[0.522s] -- Detecting CXX compile features - done
[0.527s] -- Found ament_cmake: 1.3.7 (/opt/ros/humble/share/ament_cmake/cmake)
[0.722s] -- Found Python3: /usr/bin/python3.10 (found version "3.10.12") found components: Interpreter 
[0.826s] -- Found rclcpp: 16.0.8 (/opt/ros/humble/share/rclcpp/cmake)
[0.868s] -- Found rosidl_generator_c: 3.1.5 (/opt/ros/humble/share/rosidl_generator_c/cmake)
[0.875s] -- Found rosidl_adapter: 3.1.5 (/opt/ros/humble/share/rosidl_adapter/cmake)
[0.886s] -- Found rosidl_generator_cpp: 3.1.5 (/opt/ros/humble/share/rosidl_generator_cpp/cmake)
[0.902s] -- Using all available rosidl_typesupport_c: rosidl_typesupport_fastrtps_c;rosidl_typesupport_introspection_c
[0.927s] -- Using all available rosidl_typesupport_cpp: rosidl_typesupport_fastrtps_cpp;rosidl_typesupport_introspection_cpp
[1.015s] -- Found rmw_implementation_cmake: 6.1.1 (/opt/ros/humble/share/rmw_implementation_cmake/cmake)
[1.018s] -- Found rmw_fastrtps_cpp: 6.2.6 (/opt/ros/humble/share/rmw_fastrtps_cpp/cmake)
[1.133s] -- Found OpenSSL: /usr/lib/x86_64-linux-gnu/libcrypto.so (found version "3.0.2")  
[1.161s] -- Found FastRTPS: /opt/ros/humble/include  
[1.210s] -- Using RMW implementation 'rmw_fastrtps_cpp' as default
[1.224s] -- Looking for pthread.h
[1.301s] -- Looking for pthread.h - found
[1.301s] -- Performing Test CMAKE_HAVE_LIBC_PTHREAD
[1.370s] -- Performing Test CMAKE_HAVE_LIBC_PTHREAD - Success
[1.371s] -- Found Threads: TRUE  
[1.593s] -- Found ament_lint_auto: 0.12.10 (/opt/ros/humble/share/ament_lint_auto/cmake)
[1.690s] -- Added test 'copyright' to check source files copyright and LICENSE
[1.691s] -- Added test 'cppcheck' to perform static code analysis on C / C++ code
[1.692s] -- Configured cppcheck include dirs: /home/akhil-rover/rover/example_ws/src/src/examples/rclcpp/executors/cbg_executor/include
[1.692s] -- Configured cppcheck exclude dirs and/or files: 
[1.693s] -- Added test 'cpplint' to check C / C++ code against the Google style
[1.694s] -- Configured cpplint exclude dirs and/or files: 
[1.695s] -- Added test 'lint_cmake' to check CMake code style
[1.697s] -- Added test 'uncrustify' to check C / C++ code style
[1.697s] -- Configured uncrustify additional arguments: 
[1.698s] -- Added test 'xmllint' to check XML markup files
[1.700s] -- Configuring done
[1.720s] -- Generating done
[1.722s] -- Build files have been written to: /home/akhil-rover/rover/example_ws/build/examples_rclcpp_cbg_executor
[1.735s] Invoked command in '/home/akhil-rover/rover/example_ws/build/examples_rclcpp_cbg_executor' returned '0': CMAKE_PREFIX_PATH=/opt/ros/humble /usr/bin/cmake /home/akhil-rover/rover/example_ws/src/src/examples/rclcpp/executors/cbg_executor -DCMAKE_INSTALL_PREFIX=/home/akhil-rover/rover/example_ws/install/examples_rclcpp_cbg_executor
[1.736s] Invoking command in '/home/akhil-rover/rover/example_ws/build/examples_rclcpp_cbg_executor': CMAKE_PREFIX_PATH=/opt/ros/humble /usr/bin/cmake --build /home/akhil-rover/rover/example_ws/build/examples_rclcpp_cbg_executor -- -j4 -l4
[1.788s] [ 10%] [32mBuilding CXX object CMakeFiles/pong.dir/src/pong.cpp.o[0m
[1.806s] [ 20%] [32mBuilding CXX object CMakeFiles/pong.dir/src/examples_rclcpp_cbg_executor/pong_node.cpp.o[0m
[1.840s] [ 30%] [32mBuilding CXX object CMakeFiles/ping.dir/src/ping.cpp.o[0m
[1.842s] [ 40%] [32mBuilding CXX object CMakeFiles/ping_pong.dir/src/ping_pong.cpp.o[0m
[10.551s] [ 50%] [32mBuilding CXX object CMakeFiles/ping.dir/src/examples_rclcpp_cbg_executor/ping_node.cpp.o[0m
[13.321s] [ 60%] [32mBuilding CXX object CMakeFiles/ping_pong.dir/src/examples_rclcpp_cbg_executor/ping_node.cpp.o[0m
[13.331s] [ 70%] [32mBuilding CXX object CMakeFiles/ping_pong.dir/src/examples_rclcpp_cbg_executor/pong_node.cpp.o[0m
[22.829s] [ 80%] [32m[1mLinking CXX executable pong[0m
[23.805s] [ 80%] Built target pong
[34.005s] [ 90%] [32m[1mLinking CXX executable ping_pong[0m
[34.766s] [100%] [32m[1mLinking CXX executable ping[0m
[36.007s] [100%] Built target ping_pong
[36.220s] [100%] Built target ping
[36.269s] Invoked command in '/home/akhil-rover/rover/example_ws/build/examples_rclcpp_cbg_executor' returned '0': CMAKE_PREFIX_PATH=/opt/ros/humble /usr/bin/cmake --build /home/akhil-rover/rover/example_ws/build/examples_rclcpp_cbg_executor -- -j4 -l4
[36.649s] Invoking command in '/home/akhil-rover/rover/example_ws/build/examples_rclcpp_cbg_executor': CMAKE_PREFIX_PATH=/opt/ros/humble /usr/bin/cmake --install /home/akhil-rover/rover/example_ws/build/examples_rclcpp_cbg_executor
[36.673s] -- Install configuration: ""
[36.673s] -- Installing: /home/akhil-rover/rover/example_ws/install/examples_rclcpp_cbg_executor/lib/examples_rclcpp_cbg_executor/ping
[36.677s] -- Set runtime path of "/home/akhil-rover/rover/example_ws/install/examples_rclcpp_cbg_executor/lib/examples_rclcpp_cbg_executor/ping" to ""
[36.677s] -- Installing: /home/akhil-rover/rover/example_ws/install/examples_rclcpp_cbg_executor/lib/examples_rclcpp_cbg_executor/pong
[36.682s] -- Set runtime path of "/home/akhil-rover/rover/example_ws/install/examples_rclcpp_cbg_executor/lib/examples_rclcpp_cbg_executor/pong" to ""
[36.682s] -- Installing: /home/akhil-rover/rover/example_ws/install/examples_rclcpp_cbg_executor/lib/examples_rclcpp_cbg_executor/ping_pong
[36.686s] -- Set runtime path of "/home/akhil-rover/rover/example_ws/install/examples_rclcpp_cbg_executor/lib/examples_rclcpp_cbg_executor/ping_pong" to ""
[36.686s] -- Installing: /home/akhil-rover/rover/example_ws/install/examples_rclcpp_cbg_executor/include
[36.692s] -- Installing: /home/akhil-rover/rover/example_ws/install/examples_rclcpp_cbg_executor/include/examples_rclcpp_cbg_executor
[36.693s] -- Installing: /home/akhil-rover/rover/example_ws/install/examples_rclcpp_cbg_executor/include/examples_rclcpp_cbg_executor/ping_node.hpp
[36.693s] -- Installing: /home/akhil-rover/rover/example_ws/install/examples_rclcpp_cbg_executor/include/examples_rclcpp_cbg_executor/pong_node.hpp
[36.694s] -- Installing: /home/akhil-rover/rover/example_ws/install/examples_rclcpp_cbg_executor/share/ament_index/resource_index/package_run_dependencies/examples_rclcpp_cbg_executor
[36.694s] -- Installing: /home/akhil-rover/rover/example_ws/install/examples_rclcpp_cbg_executor/share/ament_index/resource_index/parent_prefix_path/examples_rclcpp_cbg_executor
[36.695s] -- Installing: /home/akhil-rover/rover/example_ws/install/examples_rclcpp_cbg_executor/share/examples_rclcpp_cbg_executor/environment/ament_prefix_path.sh
[36.696s] -- Installing: /home/akhil-rover/rover/example_ws/install/examples_rclcpp_cbg_executor/share/examples_rclcpp_cbg_executor/environment/ament_prefix_path.dsv
[36.696s] -- Installing: /home/akhil-rover/rover/example_ws/install/examples_rclcpp_cbg_executor/share/examples_rclcpp_cbg_executor/environment/path.sh
[36.696s] -- Installing: /home/akhil-rover/rover/example_ws/install/examples_rclcpp_cbg_executor/share/examples_rclcpp_cbg_executor/environment/path.dsv
[36.697s] -- Installing: /home/akhil-rover/rover/example_ws/install/examples_rclcpp_cbg_executor/share/examples_rclcpp_cbg_executor/local_setup.bash
[36.697s] -- Installing: /home/akhil-rover/rover/example_ws/install/examples_rclcpp_cbg_executor/share/examples_rclcpp_cbg_executor/local_setup.sh
[36.697s] -- Installing: /home/akhil-rover/rover/example_ws/install/examples_rclcpp_cbg_executor/share/examples_rclcpp_cbg_executor/local_setup.zsh
[36.698s] -- Installing: /home/akhil-rover/rover/example_ws/install/examples_rclcpp_cbg_executor/share/examples_rclcpp_cbg_executor/local_setup.dsv
[36.699s] -- Installing: /home/akhil-rover/rover/example_ws/install/examples_rclcpp_cbg_executor/share/examples_rclcpp_cbg_executor/package.dsv
[36.699s] -- Installing: /home/akhil-rover/rover/example_ws/install/examples_rclcpp_cbg_executor/share/ament_index/resource_index/packages/examples_rclcpp_cbg_executor
[36.700s] -- Installing: /home/akhil-rover/rover/example_ws/install/examples_rclcpp_cbg_executor/share/examples_rclcpp_cbg_executor/cmake/ament_cmake_export_dependencies-extras.cmake
[36.700s] -- Installing: /home/akhil-rover/rover/example_ws/install/examples_rclcpp_cbg_executor/share/examples_rclcpp_cbg_executor/cmake/examples_rclcpp_cbg_executorConfig.cmake
[36.700s] -- Installing: /home/akhil-rover/rover/example_ws/install/examples_rclcpp_cbg_executor/share/examples_rclcpp_cbg_executor/cmake/examples_rclcpp_cbg_executorConfig-version.cmake
[36.701s] -- Installing: /home/akhil-rover/rover/example_ws/install/examples_rclcpp_cbg_executor/share/examples_rclcpp_cbg_executor/package.xml
[36.714s] Invoked command in '/home/akhil-rover/rover/example_ws/build/examples_rclcpp_cbg_executor' returned '0': CMAKE_PREFIX_PATH=/opt/ros/humble /usr/bin/cmake --install /home/akhil-rover/rover/example_ws/build/examples_rclcpp_cbg_executor
