[0.059s] Invoking command in '/home/akhil-rover/rover/example_ws/build/examples_rclcpp_minimal_timer': CMAKE_PREFIX_PATH=/opt/ros/humble /usr/bin/cmake /home/akhil-rover/rover/example_ws/src/src/examples/rclcpp/timers/minimal_timer -DCMAKE_INSTALL_PREFIX=/home/akhil-rover/rover/example_ws/install/examples_rclcpp_minimal_timer
[0.128s] -- The C compiler identification is GNU 11.4.0
[0.205s] -- The CXX compiler identification is GNU 11.4.0
[0.214s] -- Detecting C compiler ABI info
[0.312s] -- Detecting C compiler ABI info - done
[0.315s] -- Check for working C compiler: /usr/bin/cc - skipped
[0.316s] -- Detecting C compile features
[0.316s] -- Detecting C compile features - done
[0.321s] -- Detecting CXX compiler ABI info
[0.424s] -- Detecting CXX compiler ABI info - done
[0.432s] -- Check for working CXX compiler: /usr/bin/c++ - skipped
[0.433s] -- Detecting CXX compile features
[0.434s] -- Detecting CXX compile features - done
[0.436s] -- Found ament_cmake: 1.3.7 (/opt/ros/humble/share/ament_cmake/cmake)
[0.650s] -- Found Python3: /usr/bin/python3.10 (found version "3.10.12") found components: Interpreter 
[0.755s] -- Found rclcpp: 16.0.8 (/opt/ros/humble/share/rclcpp/cmake)
[0.806s] -- Found rosidl_generator_c: 3.1.5 (/opt/ros/humble/share/rosidl_generator_c/cmake)
[0.812s] -- Found rosidl_adapter: 3.1.5 (/opt/ros/humble/share/rosidl_adapter/cmake)
[0.821s] -- Found rosidl_generator_cpp: 3.1.5 (/opt/ros/humble/share/rosidl_generator_cpp/cmake)
[0.838s] -- Using all available rosidl_typesupport_c: rosidl_typesupport_fastrtps_c;rosidl_typesupport_introspection_c
[0.862s] -- Using all available rosidl_typesupport_cpp: rosidl_typesupport_fastrtps_cpp;rosidl_typesupport_introspection_cpp
[0.944s] -- Found rmw_implementation_cmake: 6.1.1 (/opt/ros/humble/share/rmw_implementation_cmake/cmake)
[0.947s] -- Found rmw_fastrtps_cpp: 6.2.6 (/opt/ros/humble/share/rmw_fastrtps_cpp/cmake)
[1.071s] -- Found OpenSSL: /usr/lib/x86_64-linux-gnu/libcrypto.so (found version "3.0.2")  
[1.108s] -- Found FastRTPS: /opt/ros/humble/include  
[1.176s] -- Using RMW implementation 'rmw_fastrtps_cpp' as default
[1.188s] -- Looking for pthread.h
[1.280s] -- Looking for pthread.h - found
[1.281s] -- Performing Test CMAKE_HAVE_LIBC_PTHREAD
[1.373s] -- Performing Test CMAKE_HAVE_LIBC_PTHREAD - Success
[1.375s] -- Found Threads: TRUE  
[1.633s] -- Found ament_lint_auto: 0.12.10 (/opt/ros/humble/share/ament_lint_auto/cmake)
[1.746s] -- Added test 'copyright' to check source files copyright and LICENSE
[1.747s] -- Added test 'cppcheck' to perform static code analysis on C / C++ code
[1.748s] -- Configured cppcheck include dirs: 
[1.748s] -- Configured cppcheck exclude dirs and/or files: 
[1.749s] -- Added test 'cpplint' to check C / C++ code against the Google style
[1.749s] -- Configured cpplint exclude dirs and/or files: 
[1.750s] -- Added test 'lint_cmake' to check CMake code style
[1.751s] -- Added test 'uncrustify' to check C / C++ code style
[1.751s] -- Configured uncrustify additional arguments: 
[1.752s] -- Added test 'xmllint' to check XML markup files
[1.754s] -- Configuring done
[1.770s] -- Generating done
[1.773s] -- Build files have been written to: /home/akhil-rover/rover/example_ws/build/examples_rclcpp_minimal_timer
[1.794s] Invoked command in '/home/akhil-rover/rover/example_ws/build/examples_rclcpp_minimal_timer' returned '0': CMAKE_PREFIX_PATH=/opt/ros/humble /usr/bin/cmake /home/akhil-rover/rover/example_ws/src/src/examples/rclcpp/timers/minimal_timer -DCMAKE_INSTALL_PREFIX=/home/akhil-rover/rover/example_ws/install/examples_rclcpp_minimal_timer
[1.794s] Invoking command in '/home/akhil-rover/rover/example_ws/build/examples_rclcpp_minimal_timer': CMAKE_PREFIX_PATH=/opt/ros/humble /usr/bin/cmake --build /home/akhil-rover/rover/example_ws/build/examples_rclcpp_minimal_timer -- -j4 -l4
[1.852s] [ 25%] [32mBuilding CXX object CMakeFiles/timer_lambda.dir/lambda.cpp.o[0m
[6.050s] [ 50%] [32m[1mLinking CXX executable timer_lambda[0m
[6.222s] [ 50%] Built target timer_lambda
[6.246s] [ 75%] [32mBuilding CXX object CMakeFiles/timer_member_function.dir/member_function.cpp.o[0m
[10.506s] [100%] [32m[1mLinking CXX executable timer_member_function[0m
[10.676s] [100%] Built target timer_member_function
[10.690s] Invoked command in '/home/akhil-rover/rover/example_ws/build/examples_rclcpp_minimal_timer' returned '0': CMAKE_PREFIX_PATH=/opt/ros/humble /usr/bin/cmake --build /home/akhil-rover/rover/example_ws/build/examples_rclcpp_minimal_timer -- -j4 -l4
[10.723s] Invoking command in '/home/akhil-rover/rover/example_ws/build/examples_rclcpp_minimal_timer': CMAKE_PREFIX_PATH=/opt/ros/humble /usr/bin/cmake --install /home/akhil-rover/rover/example_ws/build/examples_rclcpp_minimal_timer
[10.733s] -- Install configuration: ""
[10.734s] -- Installing: /home/akhil-rover/rover/example_ws/install/examples_rclcpp_minimal_timer/lib/examples_rclcpp_minimal_timer/timer_lambda
[10.735s] -- Set runtime path of "/home/akhil-rover/rover/example_ws/install/examples_rclcpp_minimal_timer/lib/examples_rclcpp_minimal_timer/timer_lambda" to ""
[10.735s] -- Installing: /home/akhil-rover/rover/example_ws/install/examples_rclcpp_minimal_timer/lib/examples_rclcpp_minimal_timer/timer_member_function
[10.735s] -- Set runtime path of "/home/akhil-rover/rover/example_ws/install/examples_rclcpp_minimal_timer/lib/examples_rclcpp_minimal_timer/timer_member_function" to ""
[10.735s] -- Installing: /home/akhil-rover/rover/example_ws/install/examples_rclcpp_minimal_timer/share/ament_index/resource_index/package_run_dependencies/examples_rclcpp_minimal_timer
[10.736s] -- Installing: /home/akhil-rover/rover/example_ws/install/examples_rclcpp_minimal_timer/share/ament_index/resource_index/parent_prefix_path/examples_rclcpp_minimal_timer
[10.736s] -- Installing: /home/akhil-rover/rover/example_ws/install/examples_rclcpp_minimal_timer/share/examples_rclcpp_minimal_timer/environment/ament_prefix_path.sh
[10.737s] -- Installing: /home/akhil-rover/rover/example_ws/install/examples_rclcpp_minimal_timer/share/examples_rclcpp_minimal_timer/environment/ament_prefix_path.dsv
[10.737s] -- Installing: /home/akhil-rover/rover/example_ws/install/examples_rclcpp_minimal_timer/share/examples_rclcpp_minimal_timer/environment/path.sh
[10.737s] -- Installing: /home/akhil-rover/rover/example_ws/install/examples_rclcpp_minimal_timer/share/examples_rclcpp_minimal_timer/environment/path.dsv
[10.737s] -- Installing: /home/akhil-rover/rover/example_ws/install/examples_rclcpp_minimal_timer/share/examples_rclcpp_minimal_timer/local_setup.bash
[10.738s] -- Installing: /home/akhil-rover/rover/example_ws/install/examples_rclcpp_minimal_timer/share/examples_rclcpp_minimal_timer/local_setup.sh
[10.738s] -- Installing: /home/akhil-rover/rover/example_ws/install/examples_rclcpp_minimal_timer/share/examples_rclcpp_minimal_timer/local_setup.zsh
[10.738s] -- Installing: /home/akhil-rover/rover/example_ws/install/examples_rclcpp_minimal_timer/share/examples_rclcpp_minimal_timer/local_setup.dsv
[10.738s] -- Installing: /home/akhil-rover/rover/example_ws/install/examples_rclcpp_minimal_timer/share/examples_rclcpp_minimal_timer/package.dsv
[10.739s] -- Installing: /home/akhil-rover/rover/example_ws/install/examples_rclcpp_minimal_timer/share/ament_index/resource_index/packages/examples_rclcpp_minimal_timer
[10.739s] -- Installing: /home/akhil-rover/rover/example_ws/install/examples_rclcpp_minimal_timer/share/examples_rclcpp_minimal_timer/cmake/examples_rclcpp_minimal_timerConfig.cmake
[10.739s] -- Installing: /home/akhil-rover/rover/example_ws/install/examples_rclcpp_minimal_timer/share/examples_rclcpp_minimal_timer/cmake/examples_rclcpp_minimal_timerConfig-version.cmake
[10.739s] -- Installing: /home/akhil-rover/rover/example_ws/install/examples_rclcpp_minimal_timer/share/examples_rclcpp_minimal_timer/package.xml
[10.753s] Invoked command in '/home/akhil-rover/rover/example_ws/build/examples_rclcpp_minimal_timer' returned '0': CMAKE_PREFIX_PATH=/opt/ros/humble /usr/bin/cmake --install /home/akhil-rover/rover/example_ws/build/examples_rclcpp_minimal_timer
